[ 2016-11-15T13:37:40+08:00 ] 127.0.0.1 /
INFO: [ app_init ] --START--
INFO: Run Behavior\BuildLiteBehavior [ RunTime:0.000017s ]
INFO: [ app_init ] --END-- [ RunTime:0.002318s ]
INFO: [ app_begin ] --START--
INFO: Run Behavior\ReadHtmlCacheBehavior [ RunTime:0.001621s ]
INFO: [ app_begin ] --END-- [ RunTime:0.001666s ]
SQL: SHOW COLUMNS FROM `nww_article` [ RunTime:0.0056s ]
SQL: SELECT COUNT(*) AS tp_count FROM `nww_article` WHERE `class_id` = 2 LIMIT 1   [ RunTime:0.0009s ]
SQL: SELECT * FROM `nww_article` WHERE `class_id` = 2 LIMIT 0,5   [ RunTime:0.0003s ]
INFO: [ view_parse ] --START--
INFO: [ template_filter ] --START--
INFO: Run Behavior\ContentReplaceBehavior [ RunTime:0.000618s ]
INFO: [ template_filter ] --END-- [ RunTime:0.000669s ]
NOTIC: [8] Use of undefined constant id - assumed 'id' D:\WWW\biyesheji\Application\Runtime\Cache\Home\2a94b8bda04ff446dcedd42276fc99ee.php 第 81 行.
INFO: Run Behavior\ParseTemplateBehavior [ RunTime:0.019863s ]
INFO: [ view_parse ] --END-- [ RunTime:0.019907s ]
INFO: [ view_filter ] --START--
INFO: Run Behavior\WriteHtmlCacheBehavior [ RunTime:0.000767s ]
INFO: [ view_filter ] --END-- [ RunTime:0.000806s ]
INFO: [ app_end ] --START--
INFO: Run Behavior\ShowPageTraceBehavior [ RunTime:0.001084s ]
INFO: [ app_end ] --END-- [ RunTime:0.001124s ]

[ 2016-11-15T15:00:35+08:00 ] 127.0.0.1 /
INFO: [ app_init ] --START--
INFO: Run Behavior\BuildLiteBehavior [ RunTime:0.000013s ]
INFO: [ app_init ] --END-- [ RunTime:0.000386s ]
INFO: [ app_begin ] --START--
INFO: Run Behavior\ReadHtmlCacheBehavior [ RunTime:0.000554s ]
INFO: [ app_begin ] --END-- [ RunTime:0.000597s ]
SQL: SHOW COLUMNS FROM `nww_article` [ RunTime:0.0029s ]
SQL: SELECT COUNT(*) AS tp_count FROM `nww_article` WHERE `class_id` = 2 LIMIT 1   [ RunTime:0.0002s ]
SQL: SELECT * FROM `nww_article` WHERE `class_id` = 2 LIMIT 0,5   [ RunTime:0.0002s ]
INFO: [ view_parse ] --START--
INFO: [ template_filter ] --START--
INFO: Run Behavior\ContentReplaceBehavior [ RunTime:0.000066s ]
INFO: [ template_filter ] --END-- [ RunTime:0.000121s ]
NOTIC: [8] Use of undefined constant id - assumed 'id' D:\WWW\biyesheji\Application\Runtime\Cache\Home\2a94b8bda04ff446dcedd42276fc99ee.php 第 81 行.
INFO: Run Behavior\ParseTemplateBehavior [ RunTime:0.008761s ]
INFO: [ view_parse ] --END-- [ RunTime:0.008805s ]
INFO: [ view_filter ] --START--
INFO: Run Behavior\WriteHtmlCacheBehavior [ RunTime:0.000320s ]
INFO: [ view_filter ] --END-- [ RunTime:0.000359s ]
INFO: [ app_end ] --START--
INFO: Run Behavior\ShowPageTraceBehavior [ RunTime:0.000533s ]
INFO: [ app_end ] --END-- [ RunTime:0.000572s ]

