[ 2019-01-27T00:05:52+08:00 ] 127.0.0.1 /index.php
INFO: [ app_init ] --START--
INFO: Run Behavior\BuildLiteBehavior [ RunTime:0.000026s ]
INFO: [ app_init ] --END-- [ RunTime:0.001220s ]
INFO: [ app_begin ] --START--
INFO: Run Behavior\ReadHtmlCacheBehavior [ RunTime:0.000378s ]
INFO: [ app_begin ] --END-- [ RunTime:0.000431s ]
SQL: SHOW COLUMNS FROM `nww_article` [ RunTime:0.0143s ]
SQL: SELECT COUNT(*) AS tp_count FROM `nww_article` WHERE `class_id` = 2 LIMIT 1   [ RunTime:0.0003s ]
SQL: SELECT * FROM `nww_article` WHERE `class_id` = 2 LIMIT 0,5   [ RunTime:0.0002s ]
INFO: [ view_parse ] --START--
INFO: [ template_filter ] --START--
INFO: Run Behavior\ContentReplaceBehavior [ RunTime:0.012448s ]
INFO: [ template_filter ] --END-- [ RunTime:0.012513s ]
NOTIC: [8] Use of undefined constant id - assumed 'id' F:\Src\mohu\Application\Runtime\Cache\Home\2a94b8bda04ff446dcedd42276fc99ee.php 第 81 行.
INFO: Run Behavior\ParseTemplateBehavior [ RunTime:0.021308s ]
INFO: [ view_parse ] --END-- [ RunTime:0.021353s ]
INFO: [ view_filter ] --START--
INFO: Run Behavior\WriteHtmlCacheBehavior [ RunTime:0.000241s ]
INFO: [ view_filter ] --END-- [ RunTime:0.000281s ]
INFO: [ app_end ] --START--
INFO: Run Behavior\ShowPageTraceBehavior [ RunTime:0.000354s ]
INFO: [ app_end ] --END-- [ RunTime:0.000396s ]

[ 2019-01-27T00:05:59+08:00 ] 127.0.0.1 /
INFO: [ app_init ] --START--
INFO: Run Behavior\BuildLiteBehavior [ RunTime:0.000012s ]
INFO: [ app_init ] --END-- [ RunTime:0.000264s ]
INFO: [ app_begin ] --START--
INFO: Run Behavior\ReadHtmlCacheBehavior [ RunTime:0.000288s ]
INFO: [ app_begin ] --END-- [ RunTime:0.000336s ]
SQL: SHOW COLUMNS FROM `nww_article` [ RunTime:0.0126s ]
SQL: SELECT COUNT(*) AS tp_count FROM `nww_article` WHERE `class_id` = 2 LIMIT 1   [ RunTime:0.0002s ]
SQL: SELECT * FROM `nww_article` WHERE `class_id` = 2 LIMIT 0,5   [ RunTime:0.0002s ]
INFO: [ view_parse ] --START--
INFO: [ template_filter ] --START--
INFO: Run Behavior\ContentReplaceBehavior [ RunTime:0.000042s ]
INFO: [ template_filter ] --END-- [ RunTime:0.000088s ]
NOTIC: [8] Use of undefined constant id - assumed 'id' F:\Src\mohu\Application\Runtime\Cache\Home\2a94b8bda04ff446dcedd42276fc99ee.php 第 81 行.
INFO: Run Behavior\ParseTemplateBehavior [ RunTime:0.005298s ]
INFO: [ view_parse ] --END-- [ RunTime:0.005340s ]
INFO: [ view_filter ] --START--
INFO: Run Behavior\WriteHtmlCacheBehavior [ RunTime:0.000168s ]
INFO: [ view_filter ] --END-- [ RunTime:0.000207s ]
INFO: [ app_end ] --START--
INFO: Run Behavior\ShowPageTraceBehavior [ RunTime:0.000287s ]
INFO: [ app_end ] --END-- [ RunTime:0.000328s ]

[ 2019-01-27T00:06:02+08:00 ] 127.0.0.1 /index.php/Home/Article/listByCid/cid/2.html
INFO: [ app_init ] --START--
INFO: Run Behavior\BuildLiteBehavior [ RunTime:0.000011s ]
INFO: [ app_init ] --END-- [ RunTime:0.000245s ]
INFO: [ app_begin ] --START--
INFO: Run Behavior\ReadHtmlCacheBehavior [ RunTime:0.000305s ]
INFO: [ app_begin ] --END-- [ RunTime:0.000354s ]
SQL: SHOW COLUMNS FROM `nww_article` [ RunTime:0.0103s ]
SQL: SELECT COUNT(*) AS tp_count FROM `nww_article` WHERE `class_id` = 2 LIMIT 1   [ RunTime:0.0002s ]
SQL: SELECT * FROM `nww_article` WHERE `class_id` = 2 LIMIT 0,16   [ RunTime:0.0002s ]
SQL: SELECT COUNT(*) AS tp_count FROM `nww_article` WHERE `class_id` = 4 LIMIT 1   [ RunTime:0.0001s ]
SQL: SELECT * FROM `nww_article` WHERE `class_id` = 4 LIMIT 0,16   [ RunTime:0.0001s ]
SQL: SELECT COUNT(*) AS tp_count FROM `nww_article` WHERE `class_id` = 6 LIMIT 1   [ RunTime:0.0001s ]
SQL: SELECT * FROM `nww_article` WHERE `class_id` = 6 LIMIT 0,16   [ RunTime:0.0002s ]
INFO: [ view_parse ] --START--
INFO: [ template_filter ] --START--
INFO: Run Behavior\ContentReplaceBehavior [ RunTime:0.000047s ]
INFO: [ template_filter ] --END-- [ RunTime:0.000095s ]
NOTIC: [8] Use of undefined constant id - assumed 'id' F:\Src\mohu\Application\Runtime\Cache\Home\587ed5edbed8e20182b17a8d35cdc107.php 第 58 行.
NOTIC: [8] Use of undefined constant id - assumed 'id' F:\Src\mohu\Application\Runtime\Cache\Home\587ed5edbed8e20182b17a8d35cdc107.php 第 79 行.
NOTIC: [8] Use of undefined constant id - assumed 'id' F:\Src\mohu\Application\Runtime\Cache\Home\587ed5edbed8e20182b17a8d35cdc107.php 第 79 行.
NOTIC: [8] Use of undefined constant id - assumed 'id' F:\Src\mohu\Application\Runtime\Cache\Home\587ed5edbed8e20182b17a8d35cdc107.php 第 79 行.
NOTIC: [8] Use of undefined constant id - assumed 'id' F:\Src\mohu\Application\Runtime\Cache\Home\587ed5edbed8e20182b17a8d35cdc107.php 第 98 行.
NOTIC: [8] Use of undefined constant id - assumed 'id' F:\Src\mohu\Application\Runtime\Cache\Home\587ed5edbed8e20182b17a8d35cdc107.php 第 98 行.
NOTIC: [8] Use of undefined constant id - assumed 'id' F:\Src\mohu\Application\Runtime\Cache\Home\587ed5edbed8e20182b17a8d35cdc107.php 第 98 行.
NOTIC: [8] Use of undefined constant id - assumed 'id' F:\Src\mohu\Application\Runtime\Cache\Home\587ed5edbed8e20182b17a8d35cdc107.php 第 98 行.
INFO: Run Behavior\ParseTemplateBehavior [ RunTime:0.006857s ]
INFO: [ view_parse ] --END-- [ RunTime:0.006902s ]
INFO: [ view_filter ] --START--
INFO: Run Behavior\WriteHtmlCacheBehavior [ RunTime:0.000185s ]
INFO: [ view_filter ] --END-- [ RunTime:0.000226s ]
INFO: [ app_end ] --START--
INFO: Run Behavior\ShowPageTraceBehavior [ RunTime:0.000293s ]
INFO: [ app_end ] --END-- [ RunTime:0.000334s ]

[ 2019-01-27T00:06:04+08:00 ] 127.0.0.1 /index.php/Home/Article/listByCid/cid/4.html
INFO: [ app_init ] --START--
INFO: Run Behavior\BuildLiteBehavior [ RunTime:0.000012s ]
INFO: [ app_init ] --END-- [ RunTime:0.000310s ]
INFO: [ app_begin ] --START--
INFO: Run Behavior\ReadHtmlCacheBehavior [ RunTime:0.000348s ]
INFO: [ app_begin ] --END-- [ RunTime:0.000407s ]
SQL: SHOW COLUMNS FROM `nww_article` [ RunTime:0.0118s ]
SQL: SELECT COUNT(*) AS tp_count FROM `nww_article` WHERE `class_id` = 4 LIMIT 1   [ RunTime:0.0002s ]
SQL: SELECT * FROM `nww_article` WHERE `class_id` = 4 LIMIT 0,16   [ RunTime:0.0002s ]
SQL: SELECT COUNT(*) AS tp_count FROM `nww_article` WHERE `class_id` = 4 LIMIT 1   [ RunTime:0.0002s ]
SQL: SELECT * FROM `nww_article` WHERE `class_id` = 4 LIMIT 0,16   [ RunTime:0.0002s ]
SQL: SELECT COUNT(*) AS tp_count FROM `nww_article` WHERE `class_id` = 6 LIMIT 1   [ RunTime:0.0002s ]
SQL: SELECT * FROM `nww_article` WHERE `class_id` = 6 LIMIT 0,16   [ RunTime:0.0002s ]
INFO: [ view_parse ] --START--
INFO: [ template_filter ] --START--
INFO: Run Behavior\ContentReplaceBehavior [ RunTime:0.000034s ]
INFO: [ template_filter ] --END-- [ RunTime:0.000080s ]
NOTIC: [8] Use of undefined constant id - assumed 'id' F:\Src\mohu\Application\Runtime\Cache\Home\fb70e17159bdcb1833328d666416ec31.php 第 49 行.
NOTIC: [8] Use of undefined constant id - assumed 'id' F:\Src\mohu\Application\Runtime\Cache\Home\fb70e17159bdcb1833328d666416ec31.php 第 49 行.
NOTIC: [8] Use of undefined constant id - assumed 'id' F:\Src\mohu\Application\Runtime\Cache\Home\fb70e17159bdcb1833328d666416ec31.php 第 49 行.
INFO: Run Behavior\ParseTemplateBehavior [ RunTime:0.006108s ]
INFO: [ view_parse ] --END-- [ RunTime:0.006150s ]
INFO: [ view_filter ] --START--
INFO: Run Behavior\WriteHtmlCacheBehavior [ RunTime:0.000166s ]
INFO: [ view_filter ] --END-- [ RunTime:0.000205s ]
INFO: [ app_end ] --START--
INFO: Run Behavior\ShowPageTraceBehavior [ RunTime:0.001126s ]
INFO: [ app_end ] --END-- [ RunTime:0.001167s ]

[ 2019-01-27T00:06:05+08:00 ] 127.0.0.1 /index.php/Home/Page/show/title/zhinan.html
INFO: [ app_init ] --START--
INFO: Run Behavior\BuildLiteBehavior [ RunTime:0.000013s ]
INFO: [ app_init ] --END-- [ RunTime:0.000317s ]
INFO: [ app_begin ] --START--
INFO: Run Behavior\ReadHtmlCacheBehavior [ RunTime:0.000311s ]
INFO: [ app_begin ] --END-- [ RunTime:0.000357s ]
NOTIC: [2] Declaration of Home\Controller\PageController::show() should be compatible with Think\Controller::show($content, $charset = '', $contentType = '', $prefix = '') F:\Src\mohu\Application\Home\Controller\PageController.class.php 第 24 行.
SQL: SHOW COLUMNS FROM `nww_article` [ RunTime:0.0258s ]
SQL: SELECT COUNT(*) AS tp_count FROM `nww_article` WHERE `class_id` = 4 LIMIT 1   [ RunTime:0.0003s ]
NOTIC: [8] Undefined variable: Page F:\Src\mohu\Application\Home\Controller\PageController.class.php 第 15 行.
NOTIC: [8] Trying to get property of non-object F:\Src\mohu\Application\Home\Controller\PageController.class.php 第 15 行.
NOTIC: [8] Undefined variable: Page F:\Src\mohu\Application\Home\Controller\PageController.class.php 第 15 行.
NOTIC: [8] Trying to get property of non-object F:\Src\mohu\Application\Home\Controller\PageController.class.php 第 15 行.
SQL: SELECT * FROM `nww_article` WHERE `class_id` = 4  [ RunTime:0.0003s ]
INFO: [ view_parse ] --START--
INFO: [ template_filter ] --START--
INFO: Run Behavior\ContentReplaceBehavior [ RunTime:0.000078s ]
INFO: [ template_filter ] --END-- [ RunTime:0.000167s ]
INFO: Run Behavior\ParseTemplateBehavior [ RunTime:0.009467s ]
INFO: [ view_parse ] --END-- [ RunTime:0.009538s ]
INFO: [ view_filter ] --START--
INFO: Run Behavior\WriteHtmlCacheBehavior [ RunTime:0.000277s ]
INFO: [ view_filter ] --END-- [ RunTime:0.000327s ]
INFO: [ app_end ] --START--
INFO: Run Behavior\ShowPageTraceBehavior [ RunTime:0.000416s ]
INFO: [ app_end ] --END-- [ RunTime:0.000468s ]

[ 2019-01-27T00:06:07+08:00 ] 127.0.0.1 /index.php/Home/Article/listByCid/cid/7.html
INFO: [ app_init ] --START--
INFO: Run Behavior\BuildLiteBehavior [ RunTime:0.000011s ]
INFO: [ app_init ] --END-- [ RunTime:0.000239s ]
INFO: [ app_begin ] --START--
INFO: Run Behavior\ReadHtmlCacheBehavior [ RunTime:0.000262s ]
INFO: [ app_begin ] --END-- [ RunTime:0.000307s ]
SQL: SHOW COLUMNS FROM `nww_article` [ RunTime:0.0244s ]
SQL: SELECT COUNT(*) AS tp_count FROM `nww_article` WHERE `class_id` = 7 LIMIT 1   [ RunTime:0.0003s ]
SQL: SELECT * FROM `nww_article` WHERE `class_id` = 7 LIMIT 0,16   [ RunTime:0.0003s ]
SQL: SELECT COUNT(*) AS tp_count FROM `nww_article` WHERE `class_id` = 4 LIMIT 1   [ RunTime:0.0002s ]
SQL: SELECT * FROM `nww_article` WHERE `class_id` = 4 LIMIT 0,16   [ RunTime:0.0003s ]
SQL: SELECT COUNT(*) AS tp_count FROM `nww_article` WHERE `class_id` = 6 LIMIT 1   [ RunTime:0.0002s ]
SQL: SELECT * FROM `nww_article` WHERE `class_id` = 6 LIMIT 0,16   [ RunTime:0.0002s ]
INFO: [ view_parse ] --START--
INFO: [ template_filter ] --START--
INFO: Run Behavior\ContentReplaceBehavior [ RunTime:0.000051s ]
INFO: [ template_filter ] --END-- [ RunTime:0.000114s ]
NOTIC: [8] Use of undefined constant id - assumed 'id' F:\Src\mohu\Application\Runtime\Cache\Home\797cf5b54c6d4a08e78de096a106cfe3.php 第 48 行.
NOTIC: [8] Use of undefined constant id - assumed 'id' F:\Src\mohu\Application\Runtime\Cache\Home\797cf5b54c6d4a08e78de096a106cfe3.php 第 48 行.
INFO: Run Behavior\ParseTemplateBehavior [ RunTime:0.008300s ]
INFO: [ view_parse ] --END-- [ RunTime:0.008364s ]
INFO: [ view_filter ] --START--
INFO: Run Behavior\WriteHtmlCacheBehavior [ RunTime:0.000214s ]
INFO: [ view_filter ] --END-- [ RunTime:0.000264s ]
INFO: [ app_end ] --START--
INFO: Run Behavior\ShowPageTraceBehavior [ RunTime:0.000350s ]
INFO: [ app_end ] --END-- [ RunTime:0.000401s ]

[ 2019-01-27T00:06:10+08:00 ] 127.0.0.1 /
INFO: [ app_init ] --START--
INFO: Run Behavior\BuildLiteBehavior [ RunTime:0.000010s ]
INFO: [ app_init ] --END-- [ RunTime:0.000255s ]
INFO: [ app_begin ] --START--
INFO: Run Behavior\ReadHtmlCacheBehavior [ RunTime:0.000267s ]
INFO: [ app_begin ] --END-- [ RunTime:0.000313s ]
SQL: SHOW COLUMNS FROM `nww_article` [ RunTime:0.0135s ]
SQL: SELECT COUNT(*) AS tp_count FROM `nww_article` WHERE `class_id` = 2 LIMIT 1   [ RunTime:0.0002s ]
SQL: SELECT * FROM `nww_article` WHERE `class_id` = 2 LIMIT 0,5   [ RunTime:0.0002s ]
INFO: [ view_parse ] --START--
INFO: [ template_filter ] --START--
INFO: Run Behavior\ContentReplaceBehavior [ RunTime:0.000042s ]
INFO: [ template_filter ] --END-- [ RunTime:0.000085s ]
NOTIC: [8] Use of undefined constant id - assumed 'id' F:\Src\mohu\Application\Runtime\Cache\Home\2a94b8bda04ff446dcedd42276fc99ee.php 第 81 行.
INFO: Run Behavior\ParseTemplateBehavior [ RunTime:0.007943s ]
INFO: [ view_parse ] --END-- [ RunTime:0.007985s ]
INFO: [ view_filter ] --START--
INFO: Run Behavior\WriteHtmlCacheBehavior [ RunTime:0.000168s ]
INFO: [ view_filter ] --END-- [ RunTime:0.000208s ]
INFO: [ app_end ] --START--
INFO: Run Behavior\ShowPageTraceBehavior [ RunTime:0.000283s ]
INFO: [ app_end ] --END-- [ RunTime:0.000325s ]

[ 2019-01-27T00:25:46+08:00 ] 127.0.0.1 /
INFO: [ app_init ] --START--
INFO: Run Behavior\BuildLiteBehavior [ RunTime:0.000013s ]
INFO: [ app_init ] --END-- [ RunTime:0.000304s ]
INFO: [ app_begin ] --START--
INFO: Run Behavior\ReadHtmlCacheBehavior [ RunTime:0.000301s ]
INFO: [ app_begin ] --END-- [ RunTime:0.000345s ]
SQL: SHOW COLUMNS FROM `nww_article` [ RunTime:0.0272s ]
SQL: SELECT COUNT(*) AS tp_count FROM `nww_article` WHERE `class_id` = 2 LIMIT 1   [ RunTime:0.0265s ]
SQL: SELECT * FROM `nww_article` WHERE `class_id` = 2 LIMIT 0,5   [ RunTime:0.0268s ]
INFO: [ view_parse ] --START--
INFO: [ template_filter ] --START--
INFO: Run Behavior\ContentReplaceBehavior [ RunTime:0.000112s ]
INFO: [ template_filter ] --END-- [ RunTime:0.000214s ]
NOTIC: [8] Use of undefined constant id - assumed 'id' F:\Src\mohu\Application\Runtime\Cache\Home\2a94b8bda04ff446dcedd42276fc99ee.php 第 81 行.
INFO: Run Behavior\ParseTemplateBehavior [ RunTime:0.013741s ]
INFO: [ view_parse ] --END-- [ RunTime:0.013838s ]
INFO: [ view_filter ] --START--
INFO: Run Behavior\WriteHtmlCacheBehavior [ RunTime:0.000614s ]
INFO: [ view_filter ] --END-- [ RunTime:0.000709s ]
INFO: [ app_end ] --START--
INFO: Run Behavior\ShowPageTraceBehavior [ RunTime:0.000756s ]
INFO: [ app_end ] --END-- [ RunTime:0.000848s ]

[ 2019-01-27T00:25:49+08:00 ] 127.0.0.1 /index.php/Home/Page/show/title/zuzhi.html
INFO: [ app_init ] --START--
INFO: Run Behavior\BuildLiteBehavior [ RunTime:0.000011s ]
INFO: [ app_init ] --END-- [ RunTime:0.000238s ]
INFO: [ app_begin ] --START--
INFO: Run Behavior\ReadHtmlCacheBehavior [ RunTime:0.000299s ]
INFO: [ app_begin ] --END-- [ RunTime:0.000373s ]
NOTIC: [2] Declaration of Home\Controller\PageController::show() should be compatible with Think\Controller::show($content, $charset = '', $contentType = '', $prefix = '') F:\Src\mohu\Application\Home\Controller\PageController.class.php 第 24 行.
SQL: SHOW COLUMNS FROM `nww_article` [ RunTime:0.0264s ]
SQL: SELECT COUNT(*) AS tp_count FROM `nww_article` WHERE `class_id` = 4 LIMIT 1   [ RunTime:0.0260s ]
NOTIC: [8] Undefined variable: Page F:\Src\mohu\Application\Home\Controller\PageController.class.php 第 15 行.
NOTIC: [8] Trying to get property of non-object F:\Src\mohu\Application\Home\Controller\PageController.class.php 第 15 行.
NOTIC: [8] Undefined variable: Page F:\Src\mohu\Application\Home\Controller\PageController.class.php 第 15 行.
NOTIC: [8] Trying to get property of non-object F:\Src\mohu\Application\Home\Controller\PageController.class.php 第 15 行.
SQL: SELECT * FROM `nww_article` WHERE `class_id` = 4  [ RunTime:0.0261s ]
INFO: [ view_parse ] --START--
INFO: [ template_filter ] --START--
INFO: Run Behavior\ContentReplaceBehavior [ RunTime:0.000089s ]
INFO: [ template_filter ] --END-- [ RunTime:0.000175s ]
NOTIC: [8] Use of undefined constant id - assumed 'id' F:\Src\mohu\Application\Runtime\Cache\Home\21c1e800c400e76d9eb0c93d7e12e858.php 第 45 行.
NOTIC: [8] Use of undefined constant id - assumed 'id' F:\Src\mohu\Application\Runtime\Cache\Home\21c1e800c400e76d9eb0c93d7e12e858.php 第 45 行.
NOTIC: [8] Use of undefined constant id - assumed 'id' F:\Src\mohu\Application\Runtime\Cache\Home\21c1e800c400e76d9eb0c93d7e12e858.php 第 45 行.
INFO: Run Behavior\ParseTemplateBehavior [ RunTime:0.010068s ]
INFO: [ view_parse ] --END-- [ RunTime:0.010149s ]
INFO: [ view_filter ] --START--
INFO: Run Behavior\WriteHtmlCacheBehavior [ RunTime:0.000292s ]
INFO: [ view_filter ] --END-- [ RunTime:0.000358s ]
INFO: [ app_end ] --START--
INFO: Run Behavior\ShowPageTraceBehavior [ RunTime:0.000456s ]
INFO: [ app_end ] --END-- [ RunTime:0.000524s ]

[ 2019-01-27T00:30:43+08:00 ] 127.0.0.1 /index.php/Home/Page/show/title/zuzhi.html
INFO: [ app_init ] --START--
INFO: Run Behavior\BuildLiteBehavior [ RunTime:0.000010s ]
INFO: [ app_init ] --END-- [ RunTime:0.000279s ]
INFO: [ app_begin ] --START--
INFO: Run Behavior\ReadHtmlCacheBehavior [ RunTime:0.000313s ]
INFO: [ app_begin ] --END-- [ RunTime:0.000360s ]
NOTIC: [2] Declaration of Home\Controller\PageController::show() should be compatible with Think\Controller::show($content, $charset = '', $contentType = '', $prefix = '') F:\Src\mohu\Application\Home\Controller\PageController.class.php 第 24 行.
SQL: SHOW COLUMNS FROM `nww_article` [ RunTime:0.0312s ]
SQL: SELECT COUNT(*) AS tp_count FROM `nww_article` WHERE `class_id` = 4 LIMIT 1   [ RunTime:0.0304s ]
NOTIC: [8] Undefined variable: Page F:\Src\mohu\Application\Home\Controller\PageController.class.php 第 15 行.
NOTIC: [8] Trying to get property of non-object F:\Src\mohu\Application\Home\Controller\PageController.class.php 第 15 行.
NOTIC: [8] Undefined variable: Page F:\Src\mohu\Application\Home\Controller\PageController.class.php 第 15 行.
NOTIC: [8] Trying to get property of non-object F:\Src\mohu\Application\Home\Controller\PageController.class.php 第 15 行.
SQL: SELECT * FROM `nww_article` WHERE `class_id` = 4  [ RunTime:0.0307s ]
INFO: [ view_parse ] --START--
INFO: [ template_filter ] --START--
INFO: Run Behavior\ContentReplaceBehavior [ RunTime:0.000043s ]
INFO: [ template_filter ] --END-- [ RunTime:0.000087s ]
NOTIC: [8] Use of undefined constant id - assumed 'id' F:\Src\mohu\Application\Runtime\Cache\Home\21c1e800c400e76d9eb0c93d7e12e858.php 第 45 行.
NOTIC: [8] Use of undefined constant id - assumed 'id' F:\Src\mohu\Application\Runtime\Cache\Home\21c1e800c400e76d9eb0c93d7e12e858.php 第 45 行.
NOTIC: [8] Use of undefined constant id - assumed 'id' F:\Src\mohu\Application\Runtime\Cache\Home\21c1e800c400e76d9eb0c93d7e12e858.php 第 45 行.
INFO: Run Behavior\ParseTemplateBehavior [ RunTime:0.009345s ]
INFO: [ view_parse ] --END-- [ RunTime:0.009414s ]
INFO: [ view_filter ] --START--
INFO: Run Behavior\WriteHtmlCacheBehavior [ RunTime:0.000223s ]
INFO: [ view_filter ] --END-- [ RunTime:0.000263s ]
INFO: [ app_end ] --START--
INFO: Run Behavior\ShowPageTraceBehavior [ RunTime:0.000328s ]
INFO: [ app_end ] --END-- [ RunTime:0.000370s ]

[ 2019-01-27T00:32:22+08:00 ] 127.0.0.1 /
INFO: [ app_init ] --START--
INFO: Run Behavior\BuildLiteBehavior [ RunTime:0.000011s ]
INFO: [ app_init ] --END-- [ RunTime:0.000245s ]
INFO: [ app_begin ] --START--
INFO: Run Behavior\ReadHtmlCacheBehavior [ RunTime:0.000260s ]
INFO: [ app_begin ] --END-- [ RunTime:0.000304s ]
SQL: SHOW COLUMNS FROM `nww_article` [ RunTime:0.0271s ]
SQL: SELECT COUNT(*) AS tp_count FROM `nww_article` WHERE `class_id` = 2 LIMIT 1   [ RunTime:0.0266s ]
SQL: SELECT * FROM `nww_article` WHERE `class_id` = 2 LIMIT 0,5   [ RunTime:0.0270s ]
INFO: [ view_parse ] --START--
INFO: [ template_filter ] --START--
INFO: Run Behavior\ContentReplaceBehavior [ RunTime:0.000050s ]
INFO: [ template_filter ] --END-- [ RunTime:0.000101s ]
NOTIC: [8] Use of undefined constant id - assumed 'id' F:\Src\mohu\Application\Runtime\Cache\Home\2a94b8bda04ff446dcedd42276fc99ee.php 第 81 行.
INFO: Run Behavior\ParseTemplateBehavior [ RunTime:0.006081s ]
INFO: [ view_parse ] --END-- [ RunTime:0.006127s ]
INFO: [ view_filter ] --START--
INFO: Run Behavior\WriteHtmlCacheBehavior [ RunTime:0.000167s ]
INFO: [ view_filter ] --END-- [ RunTime:0.000207s ]
INFO: [ app_end ] --START--
INFO: Run Behavior\ShowPageTraceBehavior [ RunTime:0.000337s ]
INFO: [ app_end ] --END-- [ RunTime:0.000391s ]

