[ 2016-11-14T09:51:25+08:00 ] 127.0.0.1 /favicon.ico
INFO: [ app_init ] --START--
INFO: Run Behavior\BuildLiteBehavior [ RunTime:0.000014s ]
INFO: [ app_init ] --END-- [ RunTime:0.000320s ]
ERR: цЧац│ХхКаш╜╜цибхЭЧ:Favicon

[ 2016-11-14T09:51:32+08:00 ] 127.0.0.1 /admin
INFO: [ app_init ] --START--
INFO: Run Behavior\BuildLiteBehavior [ RunTime:0.000014s ]
INFO: [ app_init ] --END-- [ RunTime:0.000319s ]
ERR: цЧац│ХхКаш╜╜цибхЭЧ:Admin

[ 2016-11-14T09:51:55+08:00 ] 127.0.0.1 /href=
INFO: [ app_init ] --START--
INFO: Run Behavior\BuildLiteBehavior [ RunTime:0.000014s ]
INFO: [ app_init ] --END-- [ RunTime:0.000313s ]
ERR: цЧац│ХхКаш╜╜цибхЭЧ:Href=

[ 2016-11-14T10:07:25+08:00 ] 127.0.0.1 /css/all.css
INFO: [ app_init ] --START--
INFO: Run Behavior\BuildLiteBehavior [ RunTime:0.000016s ]
INFO: [ app_init ] --END-- [ RunTime:0.000716s ]
ERR: цЧац│ХхКаш╜╜цибхЭЧ:Css

[ 2016-11-14T10:07:25+08:00 ] 127.0.0.1 /css/index.css
INFO: [ app_init ] --START--
INFO: Run Behavior\BuildLiteBehavior [ RunTime:0.000016s ]
INFO: [ app_init ] --END-- [ RunTime:0.000422s ]
ERR: цЧац│ХхКаш╜╜цибхЭЧ:Css

[ 2016-11-14T10:07:25+08:00 ] 127.0.0.1 /js/sl.js
INFO: [ app_init ] --START--
INFO: Run Behavior\BuildLiteBehavior [ RunTime:0.000040s ]
INFO: [ app_init ] --END-- [ RunTime:0.000563s ]
ERR: цЧац│ХхКаш╜╜цибхЭЧ:Js

[ 2016-11-14T10:07:25+08:00 ] 127.0.0.1 /js/jquery.min.js
INFO: [ app_init ] --START--
INFO: Run Behavior\BuildLiteBehavior [ RunTime:0.000013s ]
INFO: [ app_init ] --END-- [ RunTime:0.000393s ]
ERR: цЧац│ХхКаш╜╜цибхЭЧ:Js

[ 2016-11-14T10:07:25+08:00 ] 127.0.0.1 /js/sl.js
INFO: [ app_init ] --START--
INFO: Run Behavior\BuildLiteBehavior [ RunTime:0.000013s ]
INFO: [ app_init ] --END-- [ RunTime:0.000310s ]
ERR: цЧац│ХхКаш╜╜цибхЭЧ:Js

[ 2016-11-14T10:07:25+08:00 ] 127.0.0.1 /img/tu11.png
INFO: [ app_init ] --START--
INFO: Run Behavior\BuildLiteBehavior [ RunTime:0.000013s ]
INFO: [ app_init ] --END-- [ RunTime:0.000314s ]
ERR: цЧац│ХхКаш╜╜цибхЭЧ:Img

[ 2016-11-14T10:07:25+08:00 ] 127.0.0.1 /img/sy.jpg
INFO: [ app_init ] --START--
INFO: Run Behavior\BuildLiteBehavior [ RunTime:0.000016s ]
INFO: [ app_init ] --END-- [ RunTime:0.000596s ]
ERR: цЧац│ХхКаш╜╜цибхЭЧ:Img

[ 2016-11-14T10:07:25+08:00 ] 127.0.0.1 /img/tu33.png
INFO: [ app_init ] --START--
INFO: Run Behavior\BuildLiteBehavior [ RunTime:0.000013s ]
INFO: [ app_init ] --END-- [ RunTime:0.000324s ]
ERR: цЧац│ХхКаш╜╜цибхЭЧ:Img

[ 2016-11-14T10:07:25+08:00 ] 127.0.0.1 /img/tu22.png
INFO: [ app_init ] --START--
INFO: Run Behavior\BuildLiteBehavior [ RunTime:0.000022s ]
INFO: [ app_init ] --END-- [ RunTime:0.000455s ]
ERR: цЧац│ХхКаш╜╜цибхЭЧ:Img

[ 2016-11-14T10:07:25+08:00 ] 127.0.0.1 /img/11.png
INFO: [ app_init ] --START--
INFO: Run Behavior\BuildLiteBehavior [ RunTime:0.000019s ]
INFO: [ app_init ] --END-- [ RunTime:0.000463s ]
ERR: цЧац│ХхКаш╜╜цибхЭЧ:Img

[ 2016-11-14T10:07:48+08:00 ] 127.0.0.1 /css/all.css
INFO: [ app_init ] --START--
INFO: Run Behavior\BuildLiteBehavior [ RunTime:0.000023s ]
INFO: [ app_init ] --END-- [ RunTime:0.000382s ]
ERR: цЧац│ХхКаш╜╜цибхЭЧ:Css

[ 2016-11-14T10:07:48+08:00 ] 127.0.0.1 /js/jquery.min.js
INFO: [ app_init ] --START--
INFO: Run Behavior\BuildLiteBehavior [ RunTime:0.000019s ]
INFO: [ app_init ] --END-- [ RunTime:0.000461s ]
ERR: цЧац│ХхКаш╜╜цибхЭЧ:Js

[ 2016-11-14T10:07:48+08:00 ] 127.0.0.1 /js/sl.js
INFO: [ app_init ] --START--
INFO: Run Behavior\BuildLiteBehavior [ RunTime:0.000013s ]
INFO: [ app_init ] --END-- [ RunTime:0.000339s ]
ERR: цЧац│ХхКаш╜╜цибхЭЧ:Js

[ 2016-11-14T10:07:48+08:00 ] 127.0.0.1 /css/index.css
INFO: [ app_init ] --START--
INFO: Run Behavior\BuildLiteBehavior [ RunTime:0.000019s ]
INFO: [ app_init ] --END-- [ RunTime:0.000590s ]
ERR: цЧац│ХхКаш╜╜цибхЭЧ:Css

[ 2016-11-14T10:07:48+08:00 ] 127.0.0.1 /img/tu11.png
INFO: [ app_init ] --START--
INFO: Run Behavior\BuildLiteBehavior [ RunTime:0.000013s ]
INFO: [ app_init ] --END-- [ RunTime:0.000314s ]
ERR: цЧац│ХхКаш╜╜цибхЭЧ:Img

[ 2016-11-14T10:07:48+08:00 ] 127.0.0.1 /js/sl.js
INFO: [ app_init ] --START--
INFO: Run Behavior\BuildLiteBehavior [ RunTime:0.000013s ]
INFO: [ app_init ] --END-- [ RunTime:0.000307s ]
ERR: цЧац│ХхКаш╜╜цибхЭЧ:Js

[ 2016-11-14T10:07:49+08:00 ] 127.0.0.1 /img/tu22.png
INFO: [ app_init ] --START--
INFO: Run Behavior\BuildLiteBehavior [ RunTime:0.000031s ]
INFO: [ app_init ] --END-- [ RunTime:0.000508s ]
ERR: цЧац│ХхКаш╜╜цибхЭЧ:Img

[ 2016-11-14T10:07:49+08:00 ] 127.0.0.1 /img/sy.jpg
INFO: [ app_init ] --START--
INFO: Run Behavior\BuildLiteBehavior [ RunTime:0.000017s ]
INFO: [ app_init ] --END-- [ RunTime:0.000375s ]
ERR: цЧац│ХхКаш╜╜цибхЭЧ:Img

[ 2016-11-14T10:07:49+08:00 ] 127.0.0.1 /img/tu11.png
INFO: [ app_init ] --START--
INFO: Run Behavior\BuildLiteBehavior [ RunTime:0.000023s ]
INFO: [ app_init ] --END-- [ RunTime:0.000681s ]
ERR: цЧац│ХхКаш╜╜цибхЭЧ:Img

[ 2016-11-14T10:07:49+08:00 ] 127.0.0.1 /img/11.png
INFO: [ app_init ] --START--
INFO: Run Behavior\BuildLiteBehavior [ RunTime:0.000039s ]
INFO: [ app_init ] --END-- [ RunTime:0.000594s ]
ERR: цЧац│ХхКаш╜╜цибхЭЧ:Img

[ 2016-11-14T10:07:49+08:00 ] 127.0.0.1 /img/tu33.png
INFO: [ app_init ] --START--
INFO: Run Behavior\BuildLiteBehavior [ RunTime:0.000015s ]
INFO: [ app_init ] --END-- [ RunTime:0.000378s ]
ERR: цЧац│ХхКаш╜╜цибхЭЧ:Img

[ 2016-11-14T10:07:54+08:00 ] 127.0.0.1 /css/index.css
INFO: [ app_init ] --START--
INFO: Run Behavior\BuildLiteBehavior [ RunTime:0.000025s ]
INFO: [ app_init ] --END-- [ RunTime:0.000508s ]
ERR: цЧац│ХхКаш╜╜цибхЭЧ:Css

[ 2016-11-14T10:07:54+08:00 ] 127.0.0.1 /css/all.css
INFO: [ app_init ] --START--
INFO: Run Behavior\BuildLiteBehavior [ RunTime:0.000021s ]
INFO: [ app_init ] --END-- [ RunTime:0.000490s ]
ERR: цЧац│ХхКаш╜╜цибхЭЧ:Css

[ 2016-11-14T10:08:11+08:00 ] 127.0.0.1 /css/all.css
INFO: [ app_init ] --START--
INFO: Run Behavior\BuildLiteBehavior [ RunTime:0.000022s ]
INFO: [ app_init ] --END-- [ RunTime:0.000360s ]
ERR: цЧац│ХхКаш╜╜цибхЭЧ:Css

[ 2016-11-14T10:08:11+08:00 ] 127.0.0.1 /js/jquery.min.js
INFO: [ app_init ] --START--
INFO: Run Behavior\BuildLiteBehavior [ RunTime:0.000021s ]
INFO: [ app_init ] --END-- [ RunTime:0.000447s ]
ERR: цЧац│ХхКаш╜╜цибхЭЧ:Js

[ 2016-11-14T10:08:11+08:00 ] 127.0.0.1 /js/sl.js
INFO: [ app_init ] --START--
INFO: Run Behavior\BuildLiteBehavior [ RunTime:0.000022s ]
INFO: [ app_init ] --END-- [ RunTime:0.000470s ]
ERR: цЧац│ХхКаш╜╜цибхЭЧ:Js

[ 2016-11-14T10:08:11+08:00 ] 127.0.0.1 /css/index.css
INFO: [ app_init ] --START--
INFO: Run Behavior\BuildLiteBehavior [ RunTime:0.000020s ]
INFO: [ app_init ] --END-- [ RunTime:0.000537s ]
ERR: цЧац│ХхКаш╜╜цибхЭЧ:Css

[ 2016-11-14T10:08:11+08:00 ] 127.0.0.1 /img/tu11.png
INFO: [ app_init ] --START--
INFO: Run Behavior\BuildLiteBehavior [ RunTime:0.000015s ]
INFO: [ app_init ] --END-- [ RunTime:0.000320s ]
ERR: цЧац│ХхКаш╜╜цибхЭЧ:Img

[ 2016-11-14T10:08:11+08:00 ] 127.0.0.1 /js/sl.js
INFO: [ app_init ] --START--
INFO: Run Behavior\BuildLiteBehavior [ RunTime:0.000013s ]
INFO: [ app_init ] --END-- [ RunTime:0.000306s ]
ERR: цЧац│ХхКаш╜╜цибхЭЧ:Js

[ 2016-11-14T10:08:11+08:00 ] 127.0.0.1 /img/tu22.png
INFO: [ app_init ] --START--
INFO: Run Behavior\BuildLiteBehavior [ RunTime:0.000025s ]
INFO: [ app_init ] --END-- [ RunTime:0.000488s ]
ERR: цЧац│ХхКаш╜╜цибхЭЧ:Img

[ 2016-11-14T10:08:11+08:00 ] 127.0.0.1 /img/tu33.png
INFO: [ app_init ] --START--
INFO: Run Behavior\BuildLiteBehavior [ RunTime:0.000023s ]
INFO: [ app_init ] --END-- [ RunTime:0.000464s ]
ERR: цЧац│ХхКаш╜╜цибхЭЧ:Img

[ 2016-11-14T10:08:11+08:00 ] 127.0.0.1 /img/11.png
INFO: [ app_init ] --START--
INFO: Run Behavior\BuildLiteBehavior [ RunTime:0.000028s ]
INFO: [ app_init ] --END-- [ RunTime:0.000548s ]
ERR: цЧац│ХхКаш╜╜цибхЭЧ:Img

[ 2016-11-14T10:08:11+08:00 ] 127.0.0.1 /img/sy.jpg
INFO: [ app_init ] --START--
INFO: Run Behavior\BuildLiteBehavior [ RunTime:0.000043s ]
INFO: [ app_init ] --END-- [ RunTime:0.000766s ]
ERR: цЧац│ХхКаш╜╜цибхЭЧ:Img

[ 2016-11-14T10:08:11+08:00 ] 127.0.0.1 /img/tu11.png
INFO: [ app_init ] --START--
INFO: Run Behavior\BuildLiteBehavior [ RunTime:0.000023s ]
INFO: [ app_init ] --END-- [ RunTime:0.000504s ]
ERR: цЧац│ХхКаш╜╜цибхЭЧ:Img

[ 2016-11-14T10:08:22+08:00 ] 127.0.0.1 /css/all.css
INFO: [ app_init ] --START--
INFO: Run Behavior\BuildLiteBehavior [ RunTime:0.000015s ]
INFO: [ app_init ] --END-- [ RunTime:0.000333s ]
ERR: цЧац│ХхКаш╜╜цибхЭЧ:Css

[ 2016-11-14T10:08:22+08:00 ] 127.0.0.1 /js/sl.js
INFO: [ app_init ] --START--
INFO: Run Behavior\BuildLiteBehavior [ RunTime:0.000013s ]
INFO: [ app_init ] --END-- [ RunTime:0.000324s ]
ERR: цЧац│ХхКаш╜╜цибхЭЧ:Js

[ 2016-11-14T10:08:22+08:00 ] 127.0.0.1 /js/jquery.min.js
INFO: [ app_init ] --START--
INFO: Run Behavior\BuildLiteBehavior [ RunTime:0.000013s ]
INFO: [ app_init ] --END-- [ RunTime:0.000329s ]
ERR: цЧац│ХхКаш╜╜цибхЭЧ:Js

[ 2016-11-14T10:08:22+08:00 ] 127.0.0.1 /css/index.css
INFO: [ app_init ] --START--
INFO: Run Behavior\BuildLiteBehavior [ RunTime:0.000026s ]
INFO: [ app_init ] --END-- [ RunTime:0.000647s ]
ERR: цЧац│ХхКаш╜╜цибхЭЧ:Css

[ 2016-11-14T10:08:22+08:00 ] 127.0.0.1 /img/tu11.png
INFO: [ app_init ] --START--
INFO: Run Behavior\BuildLiteBehavior [ RunTime:0.000018s ]
INFO: [ app_init ] --END-- [ RunTime:0.000397s ]
ERR: цЧац│ХхКаш╜╜цибхЭЧ:Img

[ 2016-11-14T10:08:22+08:00 ] 127.0.0.1 /js/sl.js
INFO: [ app_init ] --START--
INFO: Run Behavior\BuildLiteBehavior [ RunTime:0.000019s ]
INFO: [ app_init ] --END-- [ RunTime:0.000378s ]
ERR: цЧац│ХхКаш╜╜цибхЭЧ:Js

[ 2016-11-14T10:08:22+08:00 ] 127.0.0.1 /img/tu22.png
INFO: [ app_init ] --START--
INFO: Run Behavior\BuildLiteBehavior [ RunTime:0.000030s ]
INFO: [ app_init ] --END-- [ RunTime:0.000573s ]
ERR: цЧац│ХхКаш╜╜цибхЭЧ:Img

[ 2016-11-14T10:08:22+08:00 ] 127.0.0.1 /img/sy.jpg
INFO: [ app_init ] --START--
INFO: Run Behavior\BuildLiteBehavior [ RunTime:0.000026s ]
INFO: [ app_init ] --END-- [ RunTime:0.000524s ]
ERR: цЧац│ХхКаш╜╜цибхЭЧ:Img

[ 2016-11-14T10:08:22+08:00 ] 127.0.0.1 /img/tu33.png
INFO: [ app_init ] --START--
INFO: Run Behavior\BuildLiteBehavior [ RunTime:0.000023s ]
INFO: [ app_init ] --END-- [ RunTime:0.000592s ]
ERR: цЧац│ХхКаш╜╜цибхЭЧ:Img

[ 2016-11-14T10:08:22+08:00 ] 127.0.0.1 /img/11.png
INFO: [ app_init ] --START--
INFO: Run Behavior\BuildLiteBehavior [ RunTime:0.000025s ]
INFO: [ app_init ] --END-- [ RunTime:0.000605s ]
ERR: цЧац│ХхКаш╜╜цибхЭЧ:Img

[ 2016-11-14T10:08:31+08:00 ] 127.0.0.1 /css/all.css
INFO: [ app_init ] --START--
INFO: Run Behavior\BuildLiteBehavior [ RunTime:0.000014s ]
INFO: [ app_init ] --END-- [ RunTime:0.000365s ]
ERR: цЧац│ХхКаш╜╜цибхЭЧ:Css

[ 2016-11-14T10:08:31+08:00 ] 127.0.0.1 /js/sl.js
INFO: [ app_init ] --START--
INFO: Run Behavior\BuildLiteBehavior [ RunTime:0.000028s ]
INFO: [ app_init ] --END-- [ RunTime:0.000609s ]
ERR: цЧац│ХхКаш╜╜цибхЭЧ:Js

[ 2016-11-14T10:08:31+08:00 ] 127.0.0.1 /js/jquery.min.js
INFO: [ app_init ] --START--
INFO: Run Behavior\BuildLiteBehavior [ RunTime:0.000032s ]
INFO: [ app_init ] --END-- [ RunTime:0.000784s ]
ERR: цЧац│ХхКаш╜╜цибхЭЧ:Js

[ 2016-11-14T10:08:31+08:00 ] 127.0.0.1 /css/index.css
INFO: [ app_init ] --START--
INFO: Run Behavior\BuildLiteBehavior [ RunTime:0.000024s ]
INFO: [ app_init ] --END-- [ RunTime:0.000636s ]
ERR: цЧац│ХхКаш╜╜цибхЭЧ:Css

[ 2016-11-14T10:08:31+08:00 ] 127.0.0.1 /img/tu11.png
INFO: [ app_init ] --START--
INFO: Run Behavior\BuildLiteBehavior [ RunTime:0.000033s ]
INFO: [ app_init ] --END-- [ RunTime:0.000489s ]
ERR: цЧац│ХхКаш╜╜цибхЭЧ:Img

[ 2016-11-14T10:08:31+08:00 ] 127.0.0.1 /js/sl.js
INFO: [ app_init ] --START--
INFO: Run Behavior\BuildLiteBehavior [ RunTime:0.000028s ]
INFO: [ app_init ] --END-- [ RunTime:0.000613s ]
ERR: цЧац│ХхКаш╜╜цибхЭЧ:Js

[ 2016-11-14T10:08:31+08:00 ] 127.0.0.1 /img/tu22.png
INFO: [ app_init ] --START--
INFO: Run Behavior\BuildLiteBehavior [ RunTime:0.000023s ]
INFO: [ app_init ] --END-- [ RunTime:0.000580s ]
ERR: цЧац│ХхКаш╜╜цибхЭЧ:Img

[ 2016-11-14T10:08:31+08:00 ] 127.0.0.1 /img/11.png
INFO: [ app_init ] --START--
INFO: Run Behavior\BuildLiteBehavior [ RunTime:0.000025s ]
INFO: [ app_init ] --END-- [ RunTime:0.000596s ]
ERR: цЧац│ХхКаш╜╜цибхЭЧ:Img

[ 2016-11-14T10:08:31+08:00 ] 127.0.0.1 /img/tu11.png
INFO: [ app_init ] --START--
INFO: Run Behavior\BuildLiteBehavior [ RunTime:0.000023s ]
INFO: [ app_init ] --END-- [ RunTime:0.000544s ]
ERR: цЧац│ХхКаш╜╜цибхЭЧ:Img

[ 2016-11-14T10:08:31+08:00 ] 127.0.0.1 /img/tu33.png
INFO: [ app_init ] --START--
INFO: Run Behavior\BuildLiteBehavior [ RunTime:0.000031s ]
INFO: [ app_init ] --END-- [ RunTime:0.000536s ]
ERR: цЧац│ХхКаш╜╜цибхЭЧ:Img

[ 2016-11-14T10:08:31+08:00 ] 127.0.0.1 /js/jquery.min.js
INFO: [ app_init ] --START--
INFO: Run Behavior\BuildLiteBehavior [ RunTime:0.000015s ]
INFO: [ app_init ] --END-- [ RunTime:0.000404s ]
ERR: цЧац│ХхКаш╜╜цибхЭЧ:Js

[ 2016-11-14T10:08:31+08:00 ] 127.0.0.1 /js/sl.js
INFO: [ app_init ] --START--
INFO: Run Behavior\BuildLiteBehavior [ RunTime:0.000014s ]
INFO: [ app_init ] --END-- [ RunTime:0.000324s ]
ERR: цЧац│ХхКаш╜╜цибхЭЧ:Js

[ 2016-11-14T10:08:31+08:00 ] 127.0.0.1 /css/all.css
INFO: [ app_init ] --START--
INFO: Run Behavior\BuildLiteBehavior [ RunTime:0.000020s ]
INFO: [ app_init ] --END-- [ RunTime:0.000462s ]
ERR: цЧац│ХхКаш╜╜цибхЭЧ:Css

[ 2016-11-14T10:08:31+08:00 ] 127.0.0.1 /css/index.css
INFO: [ app_init ] --START--
INFO: Run Behavior\BuildLiteBehavior [ RunTime:0.000031s ]
INFO: [ app_init ] --END-- [ RunTime:0.001592s ]
ERR: цЧац│ХхКаш╜╜цибхЭЧ:Css

[ 2016-11-14T10:08:31+08:00 ] 127.0.0.1 /img/tu11.png
INFO: [ app_init ] --START--
INFO: Run Behavior\BuildLiteBehavior [ RunTime:0.000019s ]
INFO: [ app_init ] --END-- [ RunTime:0.000393s ]
ERR: цЧац│ХхКаш╜╜цибхЭЧ:Img

[ 2016-11-14T10:08:31+08:00 ] 127.0.0.1 /js/sl.js
INFO: [ app_init ] --START--
INFO: Run Behavior\BuildLiteBehavior [ RunTime:0.000014s ]
INFO: [ app_init ] --END-- [ RunTime:0.000349s ]
ERR: цЧац│ХхКаш╜╜цибхЭЧ:Js

[ 2016-11-14T10:08:31+08:00 ] 127.0.0.1 /img/tu22.png
INFO: [ app_init ] --START--
INFO: Run Behavior\BuildLiteBehavior [ RunTime:0.000015s ]
INFO: [ app_init ] --END-- [ RunTime:0.000337s ]
ERR: цЧац│ХхКаш╜╜цибхЭЧ:Img

[ 2016-11-14T10:08:31+08:00 ] 127.0.0.1 /img/11.png
INFO: [ app_init ] --START--
INFO: Run Behavior\BuildLiteBehavior [ RunTime:0.000031s ]
INFO: [ app_init ] --END-- [ RunTime:0.000607s ]
ERR: цЧац│ХхКаш╜╜цибхЭЧ:Img

[ 2016-11-14T10:08:31+08:00 ] 127.0.0.1 /img/sy.jpg
INFO: [ app_init ] --START--
INFO: Run Behavior\BuildLiteBehavior [ RunTime:0.000032s ]
INFO: [ app_init ] --END-- [ RunTime:0.000610s ]
ERR: цЧац│ХхКаш╜╜цибхЭЧ:Img

[ 2016-11-14T10:08:31+08:00 ] 127.0.0.1 /img/tu11.png
INFO: [ app_init ] --START--
INFO: Run Behavior\BuildLiteBehavior [ RunTime:0.000021s ]
INFO: [ app_init ] --END-- [ RunTime:0.000531s ]
ERR: цЧац│ХхКаш╜╜цибхЭЧ:Img

[ 2016-11-14T10:08:31+08:00 ] 127.0.0.1 /img/tu33.png
INFO: [ app_init ] --START--
INFO: Run Behavior\BuildLiteBehavior [ RunTime:0.000071s ]
INFO: [ app_init ] --END-- [ RunTime:0.001071s ]
ERR: цЧац│ХхКаш╜╜цибхЭЧ:Img

[ 2016-11-14T10:08:32+08:00 ] 127.0.0.1 /js/jquery.min.js
INFO: [ app_init ] --START--
INFO: Run Behavior\BuildLiteBehavior [ RunTime:0.000037s ]
INFO: [ app_init ] --END-- [ RunTime:0.000646s ]
ERR: цЧац│ХхКаш╜╜цибхЭЧ:Js

[ 2016-11-14T10:08:32+08:00 ] 127.0.0.1 /css/index.css
INFO: [ app_init ] --START--
INFO: Run Behavior\BuildLiteBehavior [ RunTime:0.000023s ]
INFO: [ app_init ] --END-- [ RunTime:0.000491s ]
ERR: цЧац│ХхКаш╜╜цибхЭЧ:Css

[ 2016-11-14T10:08:32+08:00 ] 127.0.0.1 /js/sl.js
INFO: [ app_init ] --START--
INFO: Run Behavior\BuildLiteBehavior [ RunTime:0.000022s ]
INFO: [ app_init ] --END-- [ RunTime:0.000517s ]
ERR: цЧац│ХхКаш╜╜цибхЭЧ:Js

[ 2016-11-14T10:08:32+08:00 ] 127.0.0.1 /css/all.css
INFO: [ app_init ] --START--
INFO: Run Behavior\BuildLiteBehavior [ RunTime:0.000038s ]
INFO: [ app_init ] --END-- [ RunTime:0.000653s ]
ERR: цЧац│ХхКаш╜╜цибхЭЧ:Css

[ 2016-11-14T10:08:32+08:00 ] 127.0.0.1 /js/sl.js
INFO: [ app_init ] --START--
INFO: Run Behavior\BuildLiteBehavior [ RunTime:0.000012s ]
INFO: [ app_init ] --END-- [ RunTime:0.000318s ]
ERR: цЧац│ХхКаш╜╜цибхЭЧ:Js

g

[ 2016-11-14T10:08:32+08:00 ] 127.0.0.1 /img/tu22.png
INFO: [ app_init ] --START--
INFO: Run Behavior\BuildLiteBehavior [ RunTime:0.000059s ]
INFO: [ app_init ] --END-- [ RunTime:0.000616s ]
ERR: цЧац│ХхКаш╜╜цибхЭЧ:Img

[ 2016-11-14T10:08:32+08:00 ] 127.0.0.1 /img/tu33.png
INFO: [ app_init ] --START--
INFO: Run Behavior\BuildLiteBehavior [ RunTime:0.000029s ]
INFO: [ app_init ] --END-- [ RunTime:0.000624s ]
ERR: цЧац│ХхКаш╜╜цибхЭЧ:Img

[ 2016-11-14T10:08:32+08:00 ] 127.0.0.1 /img/sy.jpg
INFO: [ app_init ] --START--
INFO: Run Behavior\BuildLiteBehavior [ RunTime:0.000026s ]
INFO: [ app_init ] --END-- [ RunTime:0.000557s ]
ERR: цЧац│ХхКаш╜╜цибхЭЧ:Img

[ 2016-11-14T10:08:32+08:00 ] 127.0.0.1 /img/11.png
INFO: [ app_init ] --START--
INFO: Run Behavior\BuildLiteBehavior [ RunTime:0.000048s ]
INFO: [ app_init ] --END-- [ RunTime:0.000655s ]
ERR: цЧац│ХхКаш╜╜цибхЭЧ:Img

[ 2016-11-14T10:08:32+08:00 ] 127.0.0.1 /css/index.css
INFO: [ app_init ] --START--
INFO: Run Behavior\BuildLiteBehavior [ RunTime:0.000022s ]
INFO: [ app_init ] --END-- [ RunTime:0.000350s ]
ERR: цЧац│ХхКаш╜╜цибхЭЧ:Css

[ 2016-11-14T10:08:32+08:00 ] 127.0.0.1 /js/sl.js
INFO: [ app_init ] --START--
INFO: Run Behavior\BuildLiteBehavior [ RunTime:0.000027s ]
INFO: [ app_init ] --END-- [ RunTime:0.000613s ]
ERR: цЧац│ХхКаш╜╜цибхЭЧ:Js

Ч:Js

[ 2016-11-14T10:08:32+08:00 ] 127.0.0.1 /css/all.css
INFO: [ app_init ] --START--
INFO: Run Behavior\BuildLiteBehavior [ RunTime:0.000036s ]
INFO: [ app_init ] --END-- [ RunTime:0.000556s ]
ERR: цЧац│ХхКаш╜╜цибхЭЧ:Css

[ 2016-11-14T10:08:32+08:00 ] 127.0.0.1 /img/tu11.png
INFO: [ app_init ] --START--
INFO: Run Behavior\BuildLiteBehavior [ RunTime:0.000014s ]
INFO: [ app_init ] --END-- [ RunTime:0.000316s ]
ERR: цЧац│ХхКаш╜╜цибхЭЧ:Img

[ 2016-11-14T10:08:32+08:00 ] 127.0.0.1 /img/tu22.png
INFO: [ app_init ] --START--
INFO: Run Behavior\BuildLiteBehavior [ RunTime:0.000049s ]
INFO: [ app_init ] --END-- [ RunTime:0.000589s ]
ERR: цЧац│ХхКаш╜╜цибхЭЧ:Img

[ 2016-11-14T10:08:32+08:00 ] 127.0.0.1 /img/11.png
INFO: [ app_init ] --START--
INFO: Run Behavior\BuildLiteBehavior [ RunTime:0.000024s ]
INFO: [ app_init ] --END-- [ RunTime:0.000506s ]
ERR: цЧац│ХхКаш╜╜цибхЭЧ:Img

[ 2016-11-14T10:08:32+08:00 ] 127.0.0.1 /img/tu33.png
INFO: [ app_init ] --START--
INFO: Run Behavior\BuildLiteBehavior [ RunTime:0.000022s ]
INFO: [ app_init ] --END-- [ RunTime:0.000540s ]
ERR: цЧац│ХхКаш╜╜цибхЭЧ:Img

[ 2016-11-14T10:08:32+08:00 ] 127.0.0.1 /js/sl.js
INFO: [ app_init ] --START--
INFO: Run Behavior\BuildLiteBehavior [ RunTime:0.000054s ]
INFO: [ app_init ] --END-- [ RunTime:0.000549s ]
ERR: цЧац│ХхКаш╜╜цибхЭЧ:Js

[ 2016-11-14T10:08:32+08:00 ] 127.0.0.1 /css/all.css
INFO: [ app_init ] --START--
INFO: Run Behavior\BuildLiteBehavior [ RunTime:0.000048s ]
INFO: [ app_init ] --END-- [ RunTime:0.000578s ]
ERR: цЧац│ХхКаш╜╜цибхЭЧ:Css


[ 2016-11-14T10:08:32+08:00 ] 127.0.0.1 /js/jquery.min.js
INFO: [ app_init ] --START--
INFO: Run Behavior\BuildLiteBehavior [ RunTime:0.000020s ]
INFO: [ app_init ] --END-- [ RunTime:0.000480s ]
ERR: цЧац│ХхКаш╜╜цибхЭЧ:Js

[ 2016-11-14T10:08:32+08:00 ] 127.0.0.1 /img/tu11.png
INFO: [ app_init ] --START--
INFO: Run Behavior\BuildLiteBehavior [ RunTime:0.000015s ]
INFO: [ app_init ] --END-- [ RunTime:0.000342s ]
ERR: цЧац│ХхКаш╜╜цибхЭЧ:Img

[ 2016-11-14T10:08:32+08:00 ] 127.0.0.1 /js/sl.js
INFO: [ app_init ] --START--
INFO: Run Behavior\BuildLiteBehavior [ RunTime:0.000012s ]
INFO: [ app_init ] --END-- [ RunTime:0.000345s ]
ERR: цЧац│ХхКаш╜╜цибхЭЧ:Js

[ 2016-11-14T10:08:32+08:00 ] 127.0.0.1 /img/tu22.png
INFO: [ app_init ] --START--
INFO: Run Behavior\BuildLiteBehavior [ RunTime:0.000024s ]
INFO: [ app_init ] --END-- [ RunTime:0.000506s ]
ERR: цЧац│ХхКаш╜╜цибхЭЧ:Img

[ 2016-11-14T10:08:32+08:00 ] 127.0.0.1 /img/11.png
INFO: [ app_init ] --START--
INFO: Run Behavior\BuildLiteBehavior [ RunTime:0.000026s ]
INFO: [ app_init ] --END-- [ RunTime:0.000635s ]
ERR: цЧац│ХхКаш╜╜цибхЭЧ:Img

[ 2016-11-14T10:08:32+08:00 ] 127.0.0.1 /img/tu33.png
INFO: [ app_init ] --START--
INFO: Run Behavior\BuildLiteBehavior [ RunTime:0.000048s ]
INFO: [ app_init ] --END-- [ RunTime:0.001095s ]
ERR: цЧац│ХхКаш╜╜цибхЭЧ:Img

[ 2016-11-14T10:10:09+08:00 ] 127.0.0.1 /js/sl.js
INFO: [ app_init ] --START--
INFO: Run Behavior\BuildLiteBehavior [ RunTime:0.000031s ]
INFO: [ app_init ] --END-- [ RunTime:0.000619s ]
ERR: цЧац│ХхКаш╜╜цибхЭЧ:Js

[ 2016-11-14T10:10:09+08:00 ] 127.0.0.1 /js/jquery.min.js
INFO: [ app_init ] --START--
INFO: Run Behavior\BuildLiteBehavior [ RunTime:0.000019s ]
INFO: [ app_init ] --END-- [ RunTime:0.000450s ]
ERR: цЧац│ХхКаш╜╜цибхЭЧ:Js

[ 2016-11-14T10:10:09+08:00 ] 127.0.0.1 /js/sl.js
INFO: [ app_init ] --START--
INFO: Run Behavior\BuildLiteBehavior [ RunTime:0.000085s ]
INFO: [ app_init ] --END-- [ RunTime:0.000691s ]
ERR: цЧац│ХхКаш╜╜цибхЭЧ:Js

g

[ 2016-11-14T10:10:09+08:00 ] 127.0.0.1 /img/tu22.png
INFO: [ app_init ] --START--
INFO: Run Behavior\BuildLiteBehavior [ RunTime:0.000015s ]
INFO: [ app_init ] --END-- [ RunTime:0.000366s ]
ERR: цЧац│ХхКаш╜╜цибхЭЧ:Img

[ 2016-11-14T10:10:09+08:00 ] 127.0.0.1 /img/tu33.png
INFO: [ app_init ] --START--
INFO: Run Behavior\BuildLiteBehavior [ RunTime:0.000025s ]
INFO: [ app_init ] --END-- [ RunTime:0.000468s ]
ERR: цЧац│ХхКаш╜╜цибхЭЧ:Img

[ 2016-11-14T10:10:09+08:00 ] 127.0.0.1 /img/sy.jpg
INFO: [ app_init ] --START--
INFO: Run Behavior\BuildLiteBehavior [ RunTime:0.000014s ]
INFO: [ app_init ] --END-- [ RunTime:0.000390s ]
ERR: цЧац│ХхКаш╜╜цибхЭЧ:Img

[ 2016-11-14T10:10:09+08:00 ] 127.0.0.1 /img/11.png
INFO: [ app_init ] --START--
INFO: Run Behavior\BuildLiteBehavior [ RunTime:0.000055s ]
INFO: [ app_init ] --END-- [ RunTime:0.001468s ]
ERR: цЧац│ХхКаш╜╜цибхЭЧ:Img

[ 2016-11-14T10:10:55+08:00 ] 127.0.0.1 /js/jquery.min.js
INFO: [ app_init ] --START--
INFO: Run Behavior\BuildLiteBehavior [ RunTime:0.000019s ]
INFO: [ app_init ] --END-- [ RunTime:0.000439s ]
ERR: цЧац│ХхКаш╜╜цибхЭЧ:Js

[ 2016-11-14T10:12:24+08:00 ] 127.0.0.1 /js/sl.js
INFO: [ app_init ] --START--
INFO: Run Behavior\BuildLiteBehavior [ RunTime:0.000025s ]
INFO: [ app_init ] --END-- [ RunTime:0.000472s ]
ERR: цЧац│ХхКаш╜╜цибхЭЧ:Js

[ 2016-11-14T10:12:24+08:00 ] 127.0.0.1 /js/jquery.min.js
INFO: [ app_init ] --START--
INFO: Run Behavior\BuildLiteBehavior [ RunTime:0.000013s ]
INFO: [ app_init ] --END-- [ RunTime:0.000407s ]
ERR: цЧац│ХхКаш╜╜цибхЭЧ:Js

[ 2016-11-14T10:12:24+08:00 ] 127.0.0.1 /js/sl.js
INFO: [ app_init ] --START--
INFO: Run Behavior\BuildLiteBehavior [ RunTime:0.000014s ]
INFO: [ app_init ] --END-- [ RunTime:0.000323s ]
ERR: цЧац│ХхКаш╜╜цибхЭЧ:Js

[ 2016-11-14T10:12:25+08:00 ] 127.0.0.1 /js/jquery.min.js
INFO: [ app_init ] --START--
INFO: Run Behavior\BuildLiteBehavior [ RunTime:0.000014s ]
INFO: [ app_init ] --END-- [ RunTime:0.000340s ]
ERR: цЧац│ХхКаш╜╜цибхЭЧ:Js

[ 2016-11-14T10:12:25+08:00 ] 127.0.0.1 /js/sl.js
INFO: [ app_init ] --START--
INFO: Run Behavior\BuildLiteBehavior [ RunTime:0.000020s ]
INFO: [ app_init ] --END-- [ RunTime:0.000475s ]
ERR: цЧац│ХхКаш╜╜цибхЭЧ:Js

[ 2016-11-14T10:12:25+08:00 ] 127.0.0.1 /js/sl.js
INFO: [ app_init ] --START--
INFO: Run Behavior\BuildLiteBehavior [ RunTime:0.000013s ]
INFO: [ app_init ] --END-- [ RunTime:0.000316s ]
ERR: цЧац│ХхКаш╜╜цибхЭЧ:Js

[ 2016-11-14T10:12:25+08:00 ] 127.0.0.1 /js/jquery.min.js
INFO: [ app_init ] --START--
INFO: Run Behavior\BuildLiteBehavior [ RunTime:0.000012s ]
INFO: [ app_init ] --END-- [ RunTime:0.000305s ]
ERR: цЧац│ХхКаш╜╜цибхЭЧ:Js

[ 2016-11-14T10:12:25+08:00 ] 127.0.0.1 /js/sl.js
INFO: [ app_init ] --START--
INFO: Run Behavior\BuildLiteBehavior [ RunTime:0.000013s ]
INFO: [ app_init ] --END-- [ RunTime:0.000306s ]
ERR: цЧац│ХхКаш╜╜цибхЭЧ:Js

[ 2016-11-14T10:12:25+08:00 ] 127.0.0.1 /js/jquery.min.js
INFO: [ app_init ] --START--
INFO: Run Behavior\BuildLiteBehavior [ RunTime:0.000013s ]
INFO: [ app_init ] --END-- [ RunTime:0.000315s ]
ERR: цЧац│ХхКаш╜╜цибхЭЧ:Js

[ 2016-11-14T10:12:25+08:00 ] 127.0.0.1 /js/sl.js
INFO: [ app_init ] --START--
INFO: Run Behavior\BuildLiteBehavior [ RunTime:0.000013s ]
INFO: [ app_init ] --END-- [ RunTime:0.000311s ]
ERR: цЧац│ХхКаш╜╜цибхЭЧ:Js

[ 2016-11-14T10:12:25+08:00 ] 127.0.0.1 /js/jquery.min.js
INFO: [ app_init ] --START--
INFO: Run Behavior\BuildLiteBehavior [ RunTime:0.000021s ]
INFO: [ app_init ] --END-- [ RunTime:0.000433s ]
ERR: цЧац│ХхКаш╜╜цибхЭЧ:Js

[ 2016-11-14T10:12:25+08:00 ] 127.0.0.1 /js/sl.js
INFO: [ app_init ] --START--
INFO: Run Behavior\BuildLiteBehavior [ RunTime:0.000013s ]
INFO: [ app_init ] --END-- [ RunTime:0.000308s ]
ERR: цЧац│ХхКаш╜╜цибхЭЧ:Js

[ 2016-11-14T10:13:02+08:00 ] 127.0.0.1 /js/jquery.min.js
INFO: [ app_init ] --START--
INFO: Run Behavior\BuildLiteBehavior [ RunTime:0.000018s ]
INFO: [ app_init ] --END-- [ RunTime:0.000377s ]
ERR: цЧац│ХхКаш╜╜цибхЭЧ:Js

[ 2016-11-14T10:13:02+08:00 ] 127.0.0.1 /js/sl.js
INFO: [ app_init ] --START--
INFO: Run Behavior\BuildLiteBehavior [ RunTime:0.000013s ]
INFO: [ app_init ] --END-- [ RunTime:0.000354s ]
ERR: цЧац│ХхКаш╜╜цибхЭЧ:Js

[ 2016-11-14T10:13:03+08:00 ] 127.0.0.1 /js/sl.js
INFO: [ app_init ] --START--
INFO: Run Behavior\BuildLiteBehavior [ RunTime:0.000014s ]
INFO: [ app_init ] --END-- [ RunTime:0.000318s ]
ERR: цЧац│ХхКаш╜╜цибхЭЧ:Js

[ 2016-11-14T10:13:03+08:00 ] 127.0.0.1 /js/jquery.min.js
INFO: [ app_init ] --START--
INFO: Run Behavior\BuildLiteBehavior [ RunTime:0.000012s ]
INFO: [ app_init ] --END-- [ RunTime:0.000305s ]
ERR: цЧац│ХхКаш╜╜цибхЭЧ:Js

[ 2016-11-14T10:13:03+08:00 ] 127.0.0.1 /js/sl.js
INFO: [ app_init ] --START--
INFO: Run Behavior\BuildLiteBehavior [ RunTime:0.000013s ]
INFO: [ app_init ] --END-- [ RunTime:0.000309s ]
ERR: цЧац│ХхКаш╜╜цибхЭЧ:Js

[ 2016-11-14T10:14:44+08:00 ] 127.0.0.1 /js/sl.js
INFO: [ app_init ] --START--
INFO: Run Behavior\BuildLiteBehavior [ RunTime:0.000013s ]
INFO: [ app_init ] --END-- [ RunTime:0.000359s ]
ERR: цЧац│ХхКаш╜╜цибхЭЧ:Js

[ 2016-11-14T10:14:44+08:00 ] 127.0.0.1 /js/jquery.min.js
INFO: [ app_init ] --START--
INFO: Run Behavior\BuildLiteBehavior [ RunTime:0.000023s ]
INFO: [ app_init ] --END-- [ RunTime:0.000542s ]
ERR: цЧац│ХхКаш╜╜цибхЭЧ:Js

[ 2016-11-14T10:14:44+08:00 ] 127.0.0.1 /js/sl.js
INFO: [ app_init ] --START--
INFO: Run Behavior\BuildLiteBehavior [ RunTime:0.000014s ]
INFO: [ app_init ] --END-- [ RunTime:0.000323s ]
ERR: цЧац│ХхКаш╜╜цибхЭЧ:Js

[ 2016-11-14T10:14:49+08:00 ] 127.0.0.1 /index.html
INFO: [ app_init ] --START--
INFO: Run Behavior\BuildLiteBehavior [ RunTime:0.000013s ]
INFO: [ app_init ] --END-- [ RunTime:0.000320s ]
ERR: цЧац│ХхКаш╜╜цибхЭЧ:Index

[ 2016-11-14T10:15:06+08:00 ] 127.0.0.1 /js/sl.js
INFO: [ app_init ] --START--
INFO: Run Behavior\BuildLiteBehavior [ RunTime:0.000025s ]
INFO: [ app_init ] --END-- [ RunTime:0.000457s ]
ERR: цЧац│ХхКаш╜╜цибхЭЧ:Js

[ 2016-11-14T10:15:06+08:00 ] 127.0.0.1 /js/jquery.min.js
INFO: [ app_init ] --START--
INFO: Run Behavior\BuildLiteBehavior [ RunTime:0.000026s ]
INFO: [ app_init ] --END-- [ RunTime:0.000636s ]
ERR: цЧац│ХхКаш╜╜цибхЭЧ:Js

[ 2016-11-14T10:15:06+08:00 ] 127.0.0.1 /js/sl.js
INFO: [ app_init ] --START--
INFO: Run Behavior\BuildLiteBehavior [ RunTime:0.000028s ]
INFO: [ app_init ] --END-- [ RunTime:0.000485s ]
ERR: цЧац│ХхКаш╜╜цибхЭЧ:Js

[ 2016-11-14T10:15:07+08:00 ] 127.0.0.1 /js/jquery.min.js
INFO: [ app_init ] --START--
INFO: Run Behavior\BuildLiteBehavior [ RunTime:0.000019s ]
INFO: [ app_init ] --END-- [ RunTime:0.000349s ]
ERR: цЧац│ХхКаш╜╜цибхЭЧ:Js

[ 2016-11-14T10:15:07+08:00 ] 127.0.0.1 /js/sl.js
INFO: [ app_init ] --START--
INFO: Run Behavior\BuildLiteBehavior [ RunTime:0.000022s ]
INFO: [ app_init ] --END-- [ RunTime:0.000500s ]
ERR: цЧац│ХхКаш╜╜цибхЭЧ:Js

[ 2016-11-14T10:26:25+08:00 ] 127.0.0.1 /zuzhi.html
INFO: [ app_init ] --START--
INFO: Run Behavior\BuildLiteBehavior [ RunTime:0.000014s ]
INFO: [ app_init ] --END-- [ RunTime:0.000376s ]
ERR: цЧац│ХхКаш╜╜цибхЭЧ:Zuzhi

[ 2016-11-14T10:36:56+08:00 ] 127.0.0.1 /fengcai.html
INFO: [ app_init ] --START--
INFO: Run Behavior\BuildLiteBehavior [ RunTime:0.000014s ]
INFO: [ app_init ] --END-- [ RunTime:0.000321s ]
ERR: цЧац│ХхКаш╜╜цибхЭЧ:Fengcai

[ 2016-11-14T10:50:42+08:00 ] 127.0.0.1 /zhinan.html
INFO: [ app_init ] --START--
INFO: Run Behavior\BuildLiteBehavior [ RunTime:0.000015s ]
INFO: [ app_init ] --END-- [ RunTime:0.000383s ]
ERR: цЧац│ХхКаш╜╜цибхЭЧ:Zhinan

[ 2016-11-14T12:01:19+08:00 ] 127.0.0.1 /js/sl.js
INFO: [ app_init ] --START--
INFO: Run Behavior\BuildLiteBehavior [ RunTime:0.000024s ]
INFO: [ app_init ] --END-- [ RunTime:0.000508s ]
ERR: цЧац│ХхКаш╜╜цибхЭЧ:Js

[ 2016-11-14T12:01:19+08:00 ] 127.0.0.1 /js/jquery.min.js
INFO: [ app_init ] --START--
INFO: Run Behavior\BuildLiteBehavior [ RunTime:0.000013s ]
INFO: [ app_init ] --END-- [ RunTime:0.000374s ]
ERR: цЧац│ХхКаш╜╜цибхЭЧ:Js

[ 2016-11-14T12:01:19+08:00 ] 127.0.0.1 /js/sl.js
INFO: [ app_init ] --START--
INFO: Run Behavior\BuildLiteBehavior [ RunTime:0.000024s ]
INFO: [ app_init ] --END-- [ RunTime:0.000468s ]
ERR: цЧац│ХхКаш╜╜цибхЭЧ:Js

[ 2016-11-14T16:29:29+08:00 ] 127.0.0.1 /js/sl.js
INFO: [ app_init ] --START--
INFO: Run Behavior\BuildLiteBehavior [ RunTime:0.000016s ]
INFO: [ app_init ] --END-- [ RunTime:0.000370s ]
ERR: цЧац│ХхКаш╜╜цибхЭЧ:Js

[ 2016-11-14T16:29:29+08:00 ] 127.0.0.1 /js/jquery.min.js
INFO: [ app_init ] --START--
INFO: Run Behavior\BuildLiteBehavior [ RunTime:0.000012s ]
INFO: [ app_init ] --END-- [ RunTime:0.000347s ]
ERR: цЧац│ХхКаш╜╜цибхЭЧ:Js

[ 2016-11-14T16:29:29+08:00 ] 127.0.0.1 /js/sl.js
INFO: [ app_init ] --START--
INFO: Run Behavior\BuildLiteBehavior [ RunTime:0.000016s ]
INFO: [ app_init ] --END-- [ RunTime:0.000406s ]
ERR: цЧац│ХхКаш╜╜цибхЭЧ:Js

[ 2016-11-14T16:29:29+08:00 ] 127.0.0.1 /favicon.ico
INFO: [ app_init ] --START--
INFO: Run Behavior\BuildLiteBehavior [ RunTime:0.000037s ]
INFO: [ app_init ] --END-- [ RunTime:0.000810s ]
ERR: цЧац│ХхКаш╜╜цибхЭЧ:Favicon

[ 2016-11-14T17:21:16+08:00 ] 127.0.0.1 /href=
INFO: [ app_init ] --START--
INFO: Run Behavior\BuildLiteBehavior [ RunTime:0.000014s ]
INFO: [ app_init ] --END-- [ RunTime:0.000356s ]
ERR: цЧац│ХхКаш╜╜цибхЭЧ:Href=

[ 2016-11-14T17:21:20+08:00 ] 127.0.0.1 /js/sl.js
INFO: [ app_init ] --START--
INFO: Run Behavior\BuildLiteBehavior [ RunTime:0.000015s ]
INFO: [ app_init ] --END-- [ RunTime:0.000354s ]
ERR: цЧац│ХхКаш╜╜цибхЭЧ:Js

[ 2016-11-14T17:21:20+08:00 ] 127.0.0.1 /js/jquery.min.js
INFO: [ app_init ] --START--
INFO: Run Behavior\BuildLiteBehavior [ RunTime:0.000012s ]
INFO: [ app_init ] --END-- [ RunTime:0.000341s ]
ERR: цЧац│ХхКаш╜╜цибхЭЧ:Js

[ 2016-11-14T17:21:20+08:00 ] 127.0.0.1 /js/sl.js
INFO: [ app_init ] --START--
INFO: Run Behavior\BuildLiteBehavior [ RunTime:0.000014s ]
INFO: [ app_init ] --END-- [ RunTime:0.000344s ]
ERR: цЧац│ХхКаш╜╜цибхЭЧ:Js

[ 2016-11-14T17:22:08+08:00 ] 127.0.0.1 /index.php/Article/editByCid/id/1/cid/2.html
INFO: [ app_init ] --START--
INFO: Run Behavior\BuildLiteBehavior [ RunTime:0.000014s ]
INFO: [ app_init ] --END-- [ RunTime:0.000362s ]
ERR: цЧац│ХхКаш╜╜цибхЭЧ:Article

[ 2016-11-14T17:22:15+08:00 ] 127.0.0.1 /index.php/Article/editByCid/id/1/cid/2.html
INFO: [ app_init ] --START--
INFO: Run Behavior\BuildLiteBehavior [ RunTime:0.000014s ]
INFO: [ app_init ] --END-- [ RunTime:0.000360s ]
ERR: цЧац│ХхКаш╜╜цибхЭЧ:Article

[ 2016-11-14T17:51:53+08:00 ] 127.0.0.1 /js/jquery.min.js
INFO: [ app_init ] --START--
INFO: Run Behavior\BuildLiteBehavior [ RunTime:0.000017s ]
INFO: [ app_init ] --END-- [ RunTime:0.000441s ]
ERR: цЧац│ХхКаш╜╜цибхЭЧ:Js

[ 2016-11-14T17:51:53+08:00 ] 127.0.0.1 /js/sl.js
INFO: [ app_init ] --START--
INFO: Run Behavior\BuildLiteBehavior [ RunTime:0.000016s ]
INFO: [ app_init ] --END-- [ RunTime:0.000516s ]
ERR: цЧац│ХхКаш╜╜цибхЭЧ:Js

[ 2016-11-14T18:09:33+08:00 ] 127.0.0.1 /js/sl.js
INFO: [ app_init ] --START--
INFO: Run Behavior\BuildLiteBehavior [ RunTime:0.000015s ]
INFO: [ app_init ] --END-- [ RunTime:0.000382s ]
ERR: цЧац│ХхКаш╜╜цибхЭЧ:Js

[ 2016-11-14T18:09:33+08:00 ] 127.0.0.1 /js/jquery.min.js
INFO: [ app_init ] --START--
INFO: Run Behavior\BuildLiteBehavior [ RunTime:0.000014s ]
INFO: [ app_init ] --END-- [ RunTime:0.000357s ]
ERR: цЧац│ХхКаш╜╜цибхЭЧ:Js

[ 2016-11-14T18:09:33+08:00 ] 127.0.0.1 /js/sl.js
INFO: [ app_init ] --START--
INFO: Run Behavior\BuildLiteBehavior [ RunTime:0.000015s ]
INFO: [ app_init ] --END-- [ RunTime:0.000359s ]
ERR: цЧац│ХхКаш╜╜цибхЭЧ:Js

[ 2016-11-14T18:10:43+08:00 ] 127.0.0.1 /zuzhi.html
INFO: [ app_init ] --START--
INFO: Run Behavior\BuildLiteBehavior [ RunTime:0.000014s ]
INFO: [ app_init ] --END-- [ RunTime:0.000362s ]
ERR: цЧац│ХхКаш╜╜цибхЭЧ:Zuzhi

[ 2016-11-14T18:19:54+08:00 ] 127.0.0.1 /js/jquery.min.js
INFO: [ app_init ] --START--
INFO: Run Behavior\BuildLiteBehavior [ RunTime:0.000019s ]
INFO: [ app_init ] --END-- [ RunTime:0.000426s ]
ERR: цЧац│ХхКаш╜╜цибхЭЧ:Js

[ 2016-11-14T18:19:54+08:00 ] 127.0.0.1 /js/sl.js
INFO: [ app_init ] --START--
INFO: Run Behavior\BuildLiteBehavior [ RunTime:0.000027s ]
INFO: [ app_init ] --END-- [ RunTime:0.000575s ]
ERR: цЧац│ХхКаш╜╜цибхЭЧ:Js

[ 2016-11-14T18:20:24+08:00 ] 127.0.0.1 /js/jquery.min.js
INFO: [ app_init ] --START--
INFO: Run Behavior\BuildLiteBehavior [ RunTime:0.000014s ]
INFO: [ app_init ] --END-- [ RunTime:0.000360s ]
ERR: цЧац│ХхКаш╜╜цибхЭЧ:Js

[ 2016-11-14T18:20:24+08:00 ] 127.0.0.1 /js/sl.js
INFO: [ app_init ] --START--
INFO: Run Behavior\BuildLiteBehavior [ RunTime:0.000012s ]
INFO: [ app_init ] --END-- [ RunTime:0.000351s ]
ERR: цЧац│ХхКаш╜╜цибхЭЧ:Js

[ 2016-11-14T18:28:27+08:00 ] 127.0.0.1 /js/sl.js
INFO: [ app_init ] --START--
INFO: Run Behavior\BuildLiteBehavior [ RunTime:0.000017s ]
INFO: [ app_init ] --END-- [ RunTime:0.000619s ]
ERR: цЧац│ХхКаш╜╜цибхЭЧ:Js

[ 2016-11-14T18:28:27+08:00 ] 127.0.0.1 /js/jquery.min.js
INFO: [ app_init ] --START--
INFO: Run Behavior\BuildLiteBehavior [ RunTime:0.000025s ]
INFO: [ app_init ] --END-- [ RunTime:0.001041s ]
ERR: цЧац│ХхКаш╜╜цибхЭЧ:Js

[ 2016-11-14T18:28:27+08:00 ] 127.0.0.1 /js/sl.js
INFO: [ app_init ] --START--
INFO: Run Behavior\BuildLiteBehavior [ RunTime:0.000015s ]
INFO: [ app_init ] --END-- [ RunTime:0.000355s ]
ERR: цЧац│ХхКаш╜╜цибхЭЧ:Js

[ 2016-11-14T20:02:40+08:00 ] 127.0.0.1 /js/jquery.min.js
INFO: [ app_init ] --START--
INFO: Run Behavior\BuildLiteBehavior [ RunTime:0.000018s ]
INFO: [ app_init ] --END-- [ RunTime:0.000461s ]
ERR: цЧац│ХхКаш╜╜цибхЭЧ:Js

[ 2016-11-14T20:02:40+08:00 ] 127.0.0.1 /js/sl.js
INFO: [ app_init ] --START--
INFO: Run Behavior\BuildLiteBehavior [ RunTime:0.000015s ]
INFO: [ app_init ] --END-- [ RunTime:0.000452s ]
ERR: цЧац│ХхКаш╜╜цибхЭЧ:Js

