[ 2016-11-10T17:30:31+08:00 ] 127.0.0.1 /tph
INFO: [ app_init ] --START--
INFO: Run Behavior\BuildLiteBehavior [ RunTime:0.000014s ]
INFO: [ app_init ] --END-- [ RunTime:0.000360s ]
NOTIC: [8] Use of undefined constant SQLITE_COLUMN_NAME_KEY - assumed 'SQLITE_COLUMN_NAME_KEY' D:\WWW\tph\Application\TPH\Common\function.php 第 4 行.
NOTIC: [8] Use of undefined constant MYSQL_COLUMN_NAME_KEY - assumed 'MYSQL_COLUMN_NAME_KEY' D:\WWW\tph\Application\TPH\Common\function.php 第 5 行.
INFO: [ app_begin ] --START--
INFO: Run Behavior\ReadHtmlCacheBehavior [ RunTime:0.000634s ]
INFO: [ app_begin ] --END-- [ RunTime:0.000683s ]
ERR: 无法加载控制器:Index

[ 2016-11-10T17:30:36+08:00 ] 127.0.0.1 /index.php/TPH
INFO: [ app_init ] --START--
INFO: Run Behavior\BuildLiteBehavior [ RunTime:0.000021s ]
INFO: [ app_init ] --END-- [ RunTime:0.000638s ]
NOTIC: [8] Use of undefined constant SQLITE_COLUMN_NAME_KEY - assumed 'SQLITE_COLUMN_NAME_KEY' D:\WWW\tph\Application\TPH\Common\function.php 第 4 行.
NOTIC: [8] Use of undefined constant MYSQL_COLUMN_NAME_KEY - assumed 'MYSQL_COLUMN_NAME_KEY' D:\WWW\tph\Application\TPH\Common\function.php 第 5 行.
INFO: [ app_begin ] --START--
INFO: Run Behavior\ReadHtmlCacheBehavior [ RunTime:0.000622s ]
INFO: [ app_begin ] --END-- [ RunTime:0.000670s ]
INFO: [ view_parse ] --START--
INFO: [ template_filter ] --START--
INFO: Run Behavior\ContentReplaceBehavior [ RunTime:0.000093s ]
INFO: [ template_filter ] --END-- [ RunTime:0.000148s ]
NOTIC: [8] Undefined variable: content D:\WWW\tph\Application\Runtime\Cache\TPH\95bed1c9dfb384565b387e1a02173d11.php 第 202 行.
INFO: Run Behavior\ParseTemplateBehavior [ RunTime:0.017569s ]
INFO: [ view_parse ] --END-- [ RunTime:0.017610s ]
INFO: [ view_filter ] --START--
INFO: Run Behavior\WriteHtmlCacheBehavior [ RunTime:0.000324s ]
INFO: [ view_filter ] --END-- [ RunTime:0.000361s ]
INFO: [ app_end ] --START--
INFO: Run Behavior\ShowPageTraceBehavior [ RunTime:0.000641s ]
INFO: [ app_end ] --END-- [ RunTime:0.000687s ]

[ 2016-11-10T17:30:37+08:00 ] 127.0.0.1 /index.php/TPH/Index/checkVersion
INFO: [ app_init ] --START--
INFO: Run Behavior\BuildLiteBehavior [ RunTime:0.000025s ]
INFO: [ app_init ] --END-- [ RunTime:0.000591s ]
NOTIC: [8] Use of undefined constant SQLITE_COLUMN_NAME_KEY - assumed 'SQLITE_COLUMN_NAME_KEY' D:\WWW\tph\Application\TPH\Common\function.php 第 4 行.
NOTIC: [8] Use of undefined constant MYSQL_COLUMN_NAME_KEY - assumed 'MYSQL_COLUMN_NAME_KEY' D:\WWW\tph\Application\TPH\Common\function.php 第 5 行.
INFO: [ app_begin ] --START--
INFO: Run Behavior\ReadHtmlCacheBehavior [ RunTime:0.000912s ]
INFO: [ app_begin ] --END-- [ RunTime:0.001022s ]
NOTIC: [2] file_get_contents():  D:\WWW\tph\Application\TPH\Controller\IndexController.class.php 第 32 行.
NOTIC: [2] file_get_contents(http://zhuanqianfish.github.io/ThinkphpHelper/version.txt):  D:\WWW\tph\Application\TPH\Controller\IndexController.class.php 第 32 行.
INFO: [ app_end ] --START--
INFO: Run Behavior\ShowPageTraceBehavior [ RunTime:0.000621s ]
INFO: [ app_end ] --END-- [ RunTime:0.000665s ]

[ 2016-11-10T17:30:38+08:00 ] 127.0.0.1 /index.php/TPH/CreateM
INFO: [ app_init ] --START--
INFO: Run Behavior\BuildLiteBehavior [ RunTime:0.000014s ]
INFO: [ app_init ] --END-- [ RunTime:0.000327s ]
NOTIC: [8] Use of undefined constant SQLITE_COLUMN_NAME_KEY - assumed 'SQLITE_COLUMN_NAME_KEY' D:\WWW\tph\Application\TPH\Common\function.php 第 4 行.
NOTIC: [8] Use of undefined constant MYSQL_COLUMN_NAME_KEY - assumed 'MYSQL_COLUMN_NAME_KEY' D:\WWW\tph\Application\TPH\Common\function.php 第 5 行.
INFO: [ app_begin ] --START--
INFO: Run Behavior\ReadHtmlCacheBehavior [ RunTime:0.000435s ]
INFO: [ app_begin ] --END-- [ RunTime:0.000480s ]
ERR: 无法加载数据库驱动: Think\Db\Driver\

[ 2016-11-10T17:30:39+08:00 ] 127.0.0.1 /index.php/TPH/Index/checkVersion
INFO: [ app_init ] --START--
INFO: Run Behavior\BuildLiteBehavior [ RunTime:0.000045s ]
INFO: [ app_init ] --END-- [ RunTime:0.000665s ]
NOTIC: [8] Use of undefined constant SQLITE_COLUMN_NAME_KEY - assumed 'SQLITE_COLUMN_NAME_KEY' D:\WWW\tph\Application\TPH\Common\function.php 第 4 行.
NOTIC: [8] Use of undefined constant MYSQL_COLUMN_NAME_KEY - assumed 'MYSQL_COLUMN_NAME_KEY' D:\WWW\tph\Application\TPH\Common\function.php 第 5 行.
INFO: [ app_begin ] --START--
INFO: Run Behavior\ReadHtmlCacheBehavior [ RunTime:0.000858s ]
INFO: [ app_begin ] --END-- [ RunTime:0.000951s ]
NOTIC: [2] file_get_contents():  D:\WWW\tph\Application\TPH\Controller\IndexController.class.php 第 32 行.
NOTIC: [2] file_get_contents(http://zhuanqianfish.github.io/ThinkphpHelper/version.txt):  D:\WWW\tph\Application\TPH\Controller\IndexController.class.php 第 32 行.
INFO: [ app_end ] --START--
INFO: Run Behavior\ShowPageTraceBehavior [ RunTime:0.000772s ]
INFO: [ app_end ] --END-- [ RunTime:0.000848s ]

[ 2016-11-10T17:52:25+08:00 ] 127.0.0.1 /index.php/TPH/MCode
INFO: [ app_init ] --START--
INFO: Run Behavior\BuildLiteBehavior [ RunTime:0.000014s ]
INFO: [ app_init ] --END-- [ RunTime:0.000356s ]
NOTIC: [8] Use of undefined constant SQLITE_COLUMN_NAME_KEY - assumed 'SQLITE_COLUMN_NAME_KEY' D:\WWW\tph\Application\TPH\Common\function.php 第 4 行.
NOTIC: [8] Use of undefined constant MYSQL_COLUMN_NAME_KEY - assumed 'MYSQL_COLUMN_NAME_KEY' D:\WWW\tph\Application\TPH\Common\function.php 第 5 行.
INFO: [ app_begin ] --START--
INFO: Run Behavior\ReadHtmlCacheBehavior [ RunTime:0.000683s ]
INFO: [ app_begin ] --END-- [ RunTime:0.000728s ]
ERR: SQLSTATE[HY000] [1049] Unknown database 'mynews'

[ 2016-11-10T17:52:36+08:00 ] 127.0.0.1 /index.php/TPH/Index/checkVersion
INFO: [ app_init ] --START--
INFO: Run Behavior\BuildLiteBehavior [ RunTime:0.000032s ]
INFO: [ app_init ] --END-- [ RunTime:0.000661s ]
NOTIC: [8] Use of undefined constant SQLITE_COLUMN_NAME_KEY - assumed 'SQLITE_COLUMN_NAME_KEY' D:\WWW\tph\Application\TPH\Common\function.php 第 4 行.
NOTIC: [8] Use of undefined constant MYSQL_COLUMN_NAME_KEY - assumed 'MYSQL_COLUMN_NAME_KEY' D:\WWW\tph\Application\TPH\Common\function.php 第 5 行.
INFO: [ app_begin ] --START--
INFO: Run Behavior\ReadHtmlCacheBehavior [ RunTime:0.001334s ]
INFO: [ app_begin ] --END-- [ RunTime:0.001461s ]
INFO: [ app_end ] --START--
INFO: Run Behavior\ShowPageTraceBehavior [ RunTime:0.000695s ]
INFO: [ app_end ] --END-- [ RunTime:0.000758s ]

[ 2016-11-10T18:21:53+08:00 ] 127.0.0.1 /index.php/TPH/CreateM
INFO: [ app_init ] --START--
INFO: Run Behavior\BuildLiteBehavior [ RunTime:0.000014s ]
INFO: [ app_init ] --END-- [ RunTime:0.000359s ]
NOTIC: [8] Use of undefined constant SQLITE_COLUMN_NAME_KEY - assumed 'SQLITE_COLUMN_NAME_KEY' D:\WWW\tph\Application\TPH\Common\function.php 第 4 行.
NOTIC: [8] Use of undefined constant MYSQL_COLUMN_NAME_KEY - assumed 'MYSQL_COLUMN_NAME_KEY' D:\WWW\tph\Application\TPH\Common\function.php 第 5 行.
INFO: [ app_begin ] --START--
INFO: Run Behavior\ReadHtmlCacheBehavior [ RunTime:0.000676s ]
INFO: [ app_begin ] --END-- [ RunTime:0.000721s ]
SQL: select table_name from information_schema.tables where table_schema='mohu' and table_type='base table' [ RunTime:0.0005s ]
NOTIC: [2048] Non-static method TPH\Controller\FileUtil::getDirList() should not be called statically, assuming $this from incompatible context D:\WWW\tph\Application\TPH\Controller\CreateMController.class.php 第 83 行.
NOTIC: [2] implode(): Invalid arguments passed D:\WWW\tph\Application\TPH\Controller\CreateMController.class.php 第 26 行.
INFO: [ view_parse ] --START--
INFO: [ template_filter ] --START--
INFO: Run Behavior\ContentReplaceBehavior [ RunTime:0.000121s ]
INFO: [ template_filter ] --END-- [ RunTime:0.000173s ]
INFO: Run Behavior\ParseTemplateBehavior [ RunTime:0.013352s ]
INFO: [ view_parse ] --END-- [ RunTime:0.013416s ]
INFO: [ view_filter ] --START--
INFO: Run Behavior\WriteHtmlCacheBehavior [ RunTime:0.000419s ]
INFO: [ view_filter ] --END-- [ RunTime:0.000459s ]
INFO: [ app_end ] --START--
INFO: Run Behavior\ShowPageTraceBehavior [ RunTime:0.000622s ]
INFO: [ app_end ] --END-- [ RunTime:0.000670s ]

[ 2016-11-10T18:21:54+08:00 ] 127.0.0.1 /index.php/TPH/Index/checkVersion
INFO: [ app_init ] --START--
INFO: Run Behavior\BuildLiteBehavior [ RunTime:0.000025s ]
INFO: [ app_init ] --END-- [ RunTime:0.000582s ]
NOTIC: [8] Use of undefined constant SQLITE_COLUMN_NAME_KEY - assumed 'SQLITE_COLUMN_NAME_KEY' D:\WWW\tph\Application\TPH\Common\function.php 第 4 行.
NOTIC: [8] Use of undefined constant MYSQL_COLUMN_NAME_KEY - assumed 'MYSQL_COLUMN_NAME_KEY' D:\WWW\tph\Application\TPH\Common\function.php 第 5 行.
INFO: [ app_begin ] --START--
INFO: Run Behavior\ReadHtmlCacheBehavior [ RunTime:0.001454s ]
INFO: [ app_begin ] --END-- [ RunTime:0.001589s ]
INFO: [ app_end ] --START--
INFO: Run Behavior\ShowPageTraceBehavior [ RunTime:0.000873s ]
INFO: [ app_end ] --END-- [ RunTime:0.000932s ]

[ 2016-11-10T18:21:54+08:00 ] 127.0.0.1 /index.php/TPH/href=
INFO: [ app_init ] --START--
INFO: Run Behavior\BuildLiteBehavior [ RunTime:0.000017s ]
INFO: [ app_init ] --END-- [ RunTime:0.000443s ]
NOTIC: [8] Use of undefined constant SQLITE_COLUMN_NAME_KEY - assumed 'SQLITE_COLUMN_NAME_KEY' D:\WWW\tph\Application\TPH\Common\function.php 第 4 行.
NOTIC: [8] Use of undefined constant MYSQL_COLUMN_NAME_KEY - assumed 'MYSQL_COLUMN_NAME_KEY' D:\WWW\tph\Application\TPH\Common\function.php 第 5 行.
INFO: [ app_begin ] --START--
INFO: Run Behavior\ReadHtmlCacheBehavior [ RunTime:0.000755s ]
INFO: [ app_begin ] --END-- [ RunTime:0.000808s ]
ERR: 无法加载控制器:Href=

[ 2016-11-10T18:27:04+08:00 ] 127.0.0.1 /index.php/TPH/MCode
INFO: [ app_init ] --START--
INFO: Run Behavior\BuildLiteBehavior [ RunTime:0.000012s ]
INFO: [ app_init ] --END-- [ RunTime:0.000339s ]
NOTIC: [8] Use of undefined constant SQLITE_COLUMN_NAME_KEY - assumed 'SQLITE_COLUMN_NAME_KEY' D:\WWW\tph\Application\TPH\Common\function.php 第 4 行.
NOTIC: [8] Use of undefined constant MYSQL_COLUMN_NAME_KEY - assumed 'MYSQL_COLUMN_NAME_KEY' D:\WWW\tph\Application\TPH\Common\function.php 第 5 行.
INFO: [ app_begin ] --START--
INFO: Run Behavior\ReadHtmlCacheBehavior [ RunTime:0.000637s ]
INFO: [ app_begin ] --END-- [ RunTime:0.000682s ]
SQL: select table_name from information_schema.tables where table_schema='mohu' and table_type='base table' [ RunTime:0.0005s ]
INFO: [ view_parse ] --START--
INFO: [ template_filter ] --START--
INFO: Run Behavior\ContentReplaceBehavior [ RunTime:0.000188s ]
INFO: [ template_filter ] --END-- [ RunTime:0.000240s ]
INFO: Run Behavior\ParseTemplateBehavior [ RunTime:0.015584s ]
INFO: [ view_parse ] --END-- [ RunTime:0.015628s ]
INFO: [ view_filter ] --START--
INFO: Run Behavior\WriteHtmlCacheBehavior [ RunTime:0.000313s ]
INFO: [ view_filter ] --END-- [ RunTime:0.000349s ]
INFO: [ app_end ] --START--
INFO: Run Behavior\ShowPageTraceBehavior [ RunTime:0.000643s ]
INFO: [ app_end ] --END-- [ RunTime:0.000686s ]

[ 2016-11-10T18:27:06+08:00 ] 127.0.0.1 /index.php/TPH/Index/checkVersion
INFO: [ app_init ] --START--
INFO: Run Behavior\BuildLiteBehavior [ RunTime:0.000027s ]
INFO: [ app_init ] --END-- [ RunTime:0.000476s ]
NOTIC: [8] Use of undefined constant SQLITE_COLUMN_NAME_KEY - assumed 'SQLITE_COLUMN_NAME_KEY' D:\WWW\tph\Application\TPH\Common\function.php 第 4 行.
NOTIC: [8] Use of undefined constant MYSQL_COLUMN_NAME_KEY - assumed 'MYSQL_COLUMN_NAME_KEY' D:\WWW\tph\Application\TPH\Common\function.php 第 5 行.
INFO: [ app_begin ] --START--
INFO: Run Behavior\ReadHtmlCacheBehavior [ RunTime:0.001038s ]
INFO: [ app_begin ] --END-- [ RunTime:0.001134s ]
INFO: [ app_end ] --START--
INFO: Run Behavior\ShowPageTraceBehavior [ RunTime:0.000698s ]
INFO: [ app_end ] --END-- [ RunTime:0.000759s ]

[ 2016-11-10T18:27:07+08:00 ] 127.0.0.1 /index.php/TPH/CRUD/crud
INFO: [ app_init ] --START--
INFO: Run Behavior\BuildLiteBehavior [ RunTime:0.000013s ]
INFO: [ app_init ] --END-- [ RunTime:0.000340s ]
NOTIC: [8] Use of undefined constant SQLITE_COLUMN_NAME_KEY - assumed 'SQLITE_COLUMN_NAME_KEY' D:\WWW\tph\Application\TPH\Common\function.php 第 4 行.
NOTIC: [8] Use of undefined constant MYSQL_COLUMN_NAME_KEY - assumed 'MYSQL_COLUMN_NAME_KEY' D:\WWW\tph\Application\TPH\Common\function.php 第 5 行.
INFO: [ app_begin ] --START--
INFO: Run Behavior\ReadHtmlCacheBehavior [ RunTime:0.000643s ]
INFO: [ app_begin ] --END-- [ RunTime:0.000691s ]
SQL: select table_name from information_schema.tables where table_schema='mohu' and table_type='base table' [ RunTime:0.0005s ]
NOTIC: [2] implode(): Invalid arguments passed D:\WWW\tph\Application\TPH\Controller\CRUDController.class.php 第 21 行.
INFO: [ view_parse ] --START--
INFO: [ template_filter ] --START--
INFO: Run Behavior\ContentReplaceBehavior [ RunTime:0.000157s ]
INFO: [ template_filter ] --END-- [ RunTime:0.000213s ]
INFO: Run Behavior\ParseTemplateBehavior [ RunTime:0.015915s ]
INFO: [ view_parse ] --END-- [ RunTime:0.015963s ]
INFO: [ view_filter ] --START--
INFO: Run Behavior\WriteHtmlCacheBehavior [ RunTime:0.000451s ]
INFO: [ view_filter ] --END-- [ RunTime:0.000489s ]
INFO: [ app_end ] --START--
INFO: Run Behavior\ShowPageTraceBehavior [ RunTime:0.000586s ]
INFO: [ app_end ] --END-- [ RunTime:0.000628s ]

[ 2016-11-10T18:27:08+08:00 ] 127.0.0.1 /index.php/TPH/CRUD/crud
INFO: [ app_init ] --START--
INFO: Run Behavior\BuildLiteBehavior [ RunTime:0.000015s ]
INFO: [ app_init ] --END-- [ RunTime:0.000363s ]
NOTIC: [8] Use of undefined constant SQLITE_COLUMN_NAME_KEY - assumed 'SQLITE_COLUMN_NAME_KEY' D:\WWW\tph\Application\TPH\Common\function.php 第 4 行.
NOTIC: [8] Use of undefined constant MYSQL_COLUMN_NAME_KEY - assumed 'MYSQL_COLUMN_NAME_KEY' D:\WWW\tph\Application\TPH\Common\function.php 第 5 行.
INFO: [ app_begin ] --START--
INFO: Run Behavior\ReadHtmlCacheBehavior [ RunTime:0.000751s ]
INFO: [ app_begin ] --END-- [ RunTime:0.000798s ]
SQL: select table_name from information_schema.tables where table_schema='mohu' and table_type='base table' [ RunTime:0.0004s ]
NOTIC: [2] implode(): Invalid arguments passed D:\WWW\tph\Application\TPH\Controller\CRUDController.class.php 第 21 行.
INFO: [ view_parse ] --START--
INFO: [ template_filter ] --START--
INFO: Run Behavior\ContentReplaceBehavior [ RunTime:0.000233s ]
INFO: [ template_filter ] --END-- [ RunTime:0.000328s ]
INFO: Run Behavior\ParseTemplateBehavior [ RunTime:0.014910s ]
INFO: [ view_parse ] --END-- [ RunTime:0.014965s ]
INFO: [ view_filter ] --START--
INFO: Run Behavior\WriteHtmlCacheBehavior [ RunTime:0.000498s ]
INFO: [ view_filter ] --END-- [ RunTime:0.000540s ]
INFO: [ app_end ] --START--
INFO: Run Behavior\ShowPageTraceBehavior [ RunTime:0.000727s ]
INFO: [ app_end ] --END-- [ RunTime:0.000769s ]

[ 2016-11-10T18:27:09+08:00 ] 127.0.0.1 /index.php/TPH/CRUD/crud
INFO: [ app_init ] --START--
INFO: Run Behavior\BuildLiteBehavior [ RunTime:0.000013s ]
INFO: [ app_init ] --END-- [ RunTime:0.000312s ]
NOTIC: [8] Use of undefined constant SQLITE_COLUMN_NAME_KEY - assumed 'SQLITE_COLUMN_NAME_KEY' D:\WWW\tph\Application\TPH\Common\function.php 第 4 行.
NOTIC: [8] Use of undefined constant MYSQL_COLUMN_NAME_KEY - assumed 'MYSQL_COLUMN_NAME_KEY' D:\WWW\tph\Application\TPH\Common\function.php 第 5 行.
INFO: [ app_begin ] --START--
INFO: Run Behavior\ReadHtmlCacheBehavior [ RunTime:0.000618s ]
INFO: [ app_begin ] --END-- [ RunTime:0.000663s ]
SQL: select table_name from information_schema.tables where table_schema='mohu' and table_type='base table' [ RunTime:0.0005s ]
NOTIC: [2] implode(): Invalid arguments passed D:\WWW\tph\Application\TPH\Controller\CRUDController.class.php 第 21 行.
INFO: [ view_parse ] --START--
INFO: [ template_filter ] --START--
INFO: Run Behavior\ContentReplaceBehavior [ RunTime:0.000146s ]
INFO: [ template_filter ] --END-- [ RunTime:0.000189s ]
INFO: Run Behavior\ParseTemplateBehavior [ RunTime:0.013791s ]
INFO: [ view_parse ] --END-- [ RunTime:0.013838s ]
INFO: [ view_filter ] --START--
INFO: Run Behavior\WriteHtmlCacheBehavior [ RunTime:0.000224s ]
INFO: [ view_filter ] --END-- [ RunTime:0.000273s ]
INFO: [ app_end ] --START--
INFO: Run Behavior\ShowPageTraceBehavior [ RunTime:0.000699s ]
INFO: [ app_end ] --END-- [ RunTime:0.000742s ]

[ 2016-11-10T18:27:10+08:00 ] 127.0.0.1 /index.php/TPH/Index/checkVersion
INFO: [ app_init ] --START--
INFO: Run Behavior\BuildLiteBehavior [ RunTime:0.000022s ]
INFO: [ app_init ] --END-- [ RunTime:0.000539s ]
NOTIC: [8] Use of undefined constant SQLITE_COLUMN_NAME_KEY - assumed 'SQLITE_COLUMN_NAME_KEY' D:\WWW\tph\Application\TPH\Common\function.php 第 4 行.
NOTIC: [8] Use of undefined constant MYSQL_COLUMN_NAME_KEY - assumed 'MYSQL_COLUMN_NAME_KEY' D:\WWW\tph\Application\TPH\Common\function.php 第 5 行.
INFO: [ app_begin ] --START--
INFO: Run Behavior\ReadHtmlCacheBehavior [ RunTime:0.001294s ]
INFO: [ app_begin ] --END-- [ RunTime:0.001451s ]
INFO: [ app_end ] --START--
INFO: Run Behavior\ShowPageTraceBehavior [ RunTime:0.000991s ]
INFO: [ app_end ] --END-- [ RunTime:0.001052s ]

[ 2016-11-10T18:27:10+08:00 ] 127.0.0.1 /index.php/TPH/CRUD/href=
INFO: [ app_init ] --START--
INFO: Run Behavior\BuildLiteBehavior [ RunTime:0.000020s ]
INFO: [ app_init ] --END-- [ RunTime:0.000508s ]
NOTIC: [8] Use of undefined constant SQLITE_COLUMN_NAME_KEY - assumed 'SQLITE_COLUMN_NAME_KEY' D:\WWW\tph\Application\TPH\Common\function.php 第 4 行.
NOTIC: [8] Use of undefined constant MYSQL_COLUMN_NAME_KEY - assumed 'MYSQL_COLUMN_NAME_KEY' D:\WWW\tph\Application\TPH\Common\function.php 第 5 行.
INFO: [ app_begin ] --START--
INFO: Run Behavior\ReadHtmlCacheBehavior [ RunTime:0.001052s ]
INFO: [ app_begin ] --END-- [ RunTime:0.001121s ]
ERR: 非法操作:href=

[ 2016-11-10T18:27:14+08:00 ] 127.0.0.1 /index.php/TPH/CRUD/creatAllFiles/
INFO: [ app_init ] --START--
INFO: Run Behavior\BuildLiteBehavior [ RunTime:0.000014s ]
INFO: [ app_init ] --END-- [ RunTime:0.000352s ]
NOTIC: [8] Use of undefined constant SQLITE_COLUMN_NAME_KEY - assumed 'SQLITE_COLUMN_NAME_KEY' D:\WWW\tph\Application\TPH\Common\function.php 第 4 行.
NOTIC: [8] Use of undefined constant MYSQL_COLUMN_NAME_KEY - assumed 'MYSQL_COLUMN_NAME_KEY' D:\WWW\tph\Application\TPH\Common\function.php 第 5 行.
INFO: [ app_begin ] --START--
INFO: Run Behavior\ReadHtmlCacheBehavior [ RunTime:0.000705s ]
INFO: [ app_begin ] --END-- [ RunTime:0.000747s ]
NOTIC: [8] Undefined variable: operateTitle D:\WWW\tph\Application\TPH\Controller\CRUDController.class.php 第 222 行.
INFO: [ view_parse ] --START--
INFO: [ template_filter ] --START--
INFO: Run Behavior\ContentReplaceBehavior [ RunTime:0.000026s ]
INFO: [ template_filter ] --END-- [ RunTime:0.000066s ]
INFO: Run Behavior\ParseTemplateBehavior [ RunTime:0.005592s ]
INFO: [ view_parse ] --END-- [ RunTime:0.005634s ]
INFO: [ view_filter ] --START--
INFO: Run Behavior\WriteHtmlCacheBehavior [ RunTime:0.000460s ]
INFO: [ view_filter ] --END-- [ RunTime:0.000495s ]
NOTIC: [8] Undefined variable: operateTitle D:\WWW\tph\Application\TPH\Controller\CRUDController.class.php 第 222 行.
INFO: [ view_parse ] --START--
INFO: [ template_filter ] --START--
INFO: Run Behavior\ContentReplaceBehavior [ RunTime:0.000023s ]
INFO: [ template_filter ] --END-- [ RunTime:-0.002485s ]
INFO: Run Behavior\ParseTemplateBehavior [ RunTime:0.001634s ]
INFO: [ view_parse ] --END-- [ RunTime:-0.000690s ]
INFO: [ view_filter ] --START--
INFO: Run Behavior\WriteHtmlCacheBehavior [ RunTime:0.000011s ]
INFO: [ view_filter ] --END-- [ RunTime:-0.001865s ]
NOTIC: [8] Undefined variable: operateTitle D:\WWW\tph\Application\TPH\Controller\CRUDController.class.php 第 222 行.
INFO: [ view_parse ] --START--
INFO: [ template_filter ] --START--
INFO: Run Behavior\ContentReplaceBehavior [ RunTime:0.000023s ]
INFO: [ template_filter ] --END-- [ RunTime:-0.004402s ]
INFO: Run Behavior\ParseTemplateBehavior [ RunTime:0.001701s ]
INFO: [ view_parse ] --END-- [ RunTime:-0.002594s ]
INFO: [ view_filter ] --START--
INFO: Run Behavior\WriteHtmlCacheBehavior [ RunTime:0.000011s ]
INFO: [ view_filter ] --END-- [ RunTime:-0.003836s ]
NOTIC: [8] Undefined variable: operateTitle D:\WWW\tph\Application\TPH\Controller\CRUDController.class.php 第 222 行.
INFO: [ view_parse ] --START--
INFO: [ template_filter ] --START--
INFO: Run Behavior\ContentReplaceBehavior [ RunTime:0.000023s ]
INFO: [ template_filter ] --END-- [ RunTime:-0.006343s ]
INFO: Run Behavior\ParseTemplateBehavior [ RunTime:0.001904s ]
INFO: [ view_parse ] --END-- [ RunTime:-0.004572s ]
INFO: [ view_filter ] --START--
INFO: Run Behavior\WriteHtmlCacheBehavior [ RunTime:0.000015s ]
INFO: [ view_filter ] --END-- [ RunTime:-0.006024s ]
SQL: select * from information_schema.columns where table_schema='mohu' and table_name='nww_admin' [ RunTime:0.0033s ]
INFO: [ view_parse ] --START--
INFO: [ template_filter ] --START--
INFO: Run Behavior\ContentReplaceBehavior [ RunTime:0.000033s ]
INFO: [ template_filter ] --END-- [ RunTime:-1.032555s ]
INFO: Run Behavior\ParseTemplateBehavior [ RunTime:0.009143s ]
INFO: [ view_parse ] --END-- [ RunTime:-1.029031s ]
INFO: [ view_filter ] --START--
INFO: Run Behavior\WriteHtmlCacheBehavior [ RunTime:0.000013s ]
INFO: [ view_filter ] --END-- [ RunTime:-1.037728s ]
INFO: [ view_parse ] --START--
INFO: [ template_filter ] --START--
INFO: Run Behavior\ContentReplaceBehavior [ RunTime:0.000027s ]
INFO: [ template_filter ] --END-- [ RunTime:-1.040505s ]
INFO: Run Behavior\ParseTemplateBehavior [ RunTime:0.001837s ]
INFO: [ view_parse ] --END-- [ RunTime:-1.038428s ]
INFO: [ view_filter ] --START--
INFO: Run Behavior\WriteHtmlCacheBehavior [ RunTime:0.000010s ]
INFO: [ view_filter ] --END-- [ RunTime:-1.039803s ]
SQL: select * from information_schema.columns where table_schema='mohu' and table_name='nww_admin' [ RunTime:0.0026s ]
INFO: [ view_parse ] --START--
INFO: [ template_filter ] --START--
INFO: Run Behavior\ContentReplaceBehavior [ RunTime:0.000025s ]
INFO: [ template_filter ] --END-- [ RunTime:-1.045954s ]
INFO: Run Behavior\ParseTemplateBehavior [ RunTime:0.002539s ]
INFO: [ view_parse ] --END-- [ RunTime:-1.043288s ]
INFO: [ view_filter ] --START--
INFO: Run Behavior\WriteHtmlCacheBehavior [ RunTime:0.000010s ]
INFO: [ view_filter ] --END-- [ RunTime:-1.045366s ]
INFO: [ view_parse ] --START--
INFO: [ template_filter ] --START--
INFO: Run Behavior\ContentReplaceBehavior [ RunTime:0.000023s ]
INFO: [ template_filter ] --END-- [ RunTime:-1.048051s ]
INFO: Run Behavior\ParseTemplateBehavior [ RunTime:0.001775s ]
INFO: [ view_parse ] --END-- [ RunTime:-1.046047s ]
INFO: [ view_filter ] --START--
INFO: Run Behavior\WriteHtmlCacheBehavior [ RunTime:0.000010s ]
INFO: [ view_filter ] --END-- [ RunTime:-1.047359s ]
SQL: select * from information_schema.columns where table_schema='mohu' and table_name='nww_admin' [ RunTime:0.0026s ]
INFO: [ view_parse ] --START--
INFO: [ template_filter ] --START--
INFO: Run Behavior\ContentReplaceBehavior [ RunTime:0.000028s ]
INFO: [ template_filter ] --END-- [ RunTime:-1.053574s ]
INFO: Run Behavior\ParseTemplateBehavior [ RunTime:0.004513s ]
INFO: [ view_parse ] --END-- [ RunTime:-1.050740s ]
INFO: [ view_filter ] --START--
INFO: Run Behavior\WriteHtmlCacheBehavior [ RunTime:0.000013s ]
INFO: [ view_filter ] --END-- [ RunTime:-1.054794s ]
INFO: [ view_parse ] --START--
INFO: [ template_filter ] --START--
INFO: Run Behavior\ContentReplaceBehavior [ RunTime:0.000026s ]
INFO: [ template_filter ] --END-- [ RunTime:-1.057533s ]
INFO: Run Behavior\ParseTemplateBehavior [ RunTime:0.001789s ]
INFO: [ view_parse ] --END-- [ RunTime:-1.055484s ]
INFO: [ view_filter ] --START--
INFO: Run Behavior\WriteHtmlCacheBehavior [ RunTime:0.000011s ]
INFO: [ view_filter ] --END-- [ RunTime:-1.056813s ]
NOTIC: [2048] Non-static method TPH\Controller\FileUtil::createDir() should not be called statically, assuming $this from incompatible context D:\WWW\tph\Application\TPH\Controller\CRUDController.class.php 第 201 行.
NOTIC: [8] Undefined variable: operateTitle D:\WWW\tph\Application\TPH\Controller\CRUDController.class.php 第 222 行.
INFO: [ view_parse ] --START--
INFO: [ template_filter ] --START--
INFO: Run Behavior\ContentReplaceBehavior [ RunTime:0.000025s ]
INFO: [ template_filter ] --END-- [ RunTime:-1.065513s ]
INFO: Run Behavior\ParseTemplateBehavior [ RunTime:0.001628s ]
INFO: [ view_parse ] --END-- [ RunTime:-1.063666s ]
INFO: [ view_filter ] --START--
INFO: Run Behavior\WriteHtmlCacheBehavior [ RunTime:0.000011s ]
INFO: [ view_filter ] --END-- [ RunTime:-1.064835s ]
NOTIC: [8] Undefined variable: operateTitle D:\WWW\tph\Application\TPH\Controller\CRUDController.class.php 第 222 行.
INFO: [ view_parse ] --START--
INFO: [ template_filter ] --START--
INFO: Run Behavior\ContentReplaceBehavior [ RunTime:0.000023s ]
INFO: [ template_filter ] --END-- [ RunTime:-1.067358s ]
INFO: Run Behavior\ParseTemplateBehavior [ RunTime:0.001620s ]
INFO: [ view_parse ] --END-- [ RunTime:-1.065554s ]
INFO: [ view_filter ] --START--
INFO: Run Behavior\WriteHtmlCacheBehavior [ RunTime:0.000011s ]
INFO: [ view_filter ] --END-- [ RunTime:-1.066712s ]
NOTIC: [8] Undefined variable: operateTitle D:\WWW\tph\Application\TPH\Controller\CRUDController.class.php 第 222 行.
INFO: [ view_parse ] --START--
INFO: [ template_filter ] --START--
INFO: Run Behavior\ContentReplaceBehavior [ RunTime:0.000026s ]
INFO: [ template_filter ] --END-- [ RunTime:-1.069266s ]
INFO: Run Behavior\ParseTemplateBehavior [ RunTime:0.002265s ]
INFO: [ view_parse ] --END-- [ RunTime:-1.067430s ]
INFO: [ view_filter ] --START--
INFO: Run Behavior\WriteHtmlCacheBehavior [ RunTime:0.000011s ]
INFO: [ view_filter ] --END-- [ RunTime:-1.069236s ]
NOTIC: [8] Undefined variable: operateTitle D:\WWW\tph\Application\TPH\Controller\CRUDController.class.php 第 222 行.
INFO: [ view_parse ] --START--
INFO: [ template_filter ] --START--
INFO: Run Behavior\ContentReplaceBehavior [ RunTime:0.000023s ]
INFO: [ template_filter ] --END-- [ RunTime:-1.071726s ]
INFO: Run Behavior\ParseTemplateBehavior [ RunTime:0.001445s ]
INFO: [ view_parse ] --END-- [ RunTime:-1.069959s ]
INFO: [ view_filter ] --START--
INFO: Run Behavior\WriteHtmlCacheBehavior [ RunTime:0.000010s ]
INFO: [ view_filter ] --END-- [ RunTime:-1.070942s ]
SQL: select * from information_schema.columns where table_schema='mohu' and table_name='nww_article' [ RunTime:0.0029s ]
INFO: [ view_parse ] --START--
INFO: [ template_filter ] --START--
INFO: Run Behavior\ContentReplaceBehavior [ RunTime:0.000028s ]
INFO: [ template_filter ] --END-- [ RunTime:-1.077744s ]
INFO: Run Behavior\ParseTemplateBehavior [ RunTime:0.003063s ]
INFO: [ view_parse ] --END-- [ RunTime:-1.074690s ]
INFO: [ view_filter ] --START--
INFO: Run Behavior\WriteHtmlCacheBehavior [ RunTime:0.000011s ]
INFO: [ view_filter ] --END-- [ RunTime:-1.077293s ]
INFO: [ view_parse ] --START--
INFO: [ template_filter ] --START--
INFO: Run Behavior\ContentReplaceBehavior [ RunTime:0.000026s ]
INFO: [ template_filter ] --END-- [ RunTime:-1.080120s ]
INFO: Run Behavior\ParseTemplateBehavior [ RunTime:0.001883s ]
INFO: [ view_parse ] --END-- [ RunTime:-1.077978s ]
INFO: [ view_filter ] --START--
INFO: Run Behavior\WriteHtmlCacheBehavior [ RunTime:0.000011s ]
INFO: [ view_filter ] --END-- [ RunTime:-1.079400s ]
SQL: select * from information_schema.columns where table_schema='mohu' and table_name='nww_article' [ RunTime:0.0026s ]
INFO: [ view_parse ] --START--
INFO: [ template_filter ] --START--
INFO: Run Behavior\ContentReplaceBehavior [ RunTime:0.000027s ]
INFO: [ template_filter ] --END-- [ RunTime:-1.085507s ]
INFO: Run Behavior\ParseTemplateBehavior [ RunTime:0.002589s ]
INFO: [ view_parse ] --END-- [ RunTime:-1.082810s ]
INFO: [ view_filter ] --START--
INFO: Run Behavior\WriteHtmlCacheBehavior [ RunTime:0.000010s ]
INFO: [ view_filter ] --END-- [ RunTime:-1.084951s ]
INFO: [ view_parse ] --START--
INFO: [ template_filter ] --START--
INFO: Run Behavior\ContentReplaceBehavior [ RunTime:0.000024s ]
INFO: [ template_filter ] --END-- [ RunTime:-1.087654s ]
INFO: Run Behavior\ParseTemplateBehavior [ RunTime:0.001678s ]
INFO: [ view_parse ] --END-- [ RunTime:-1.085634s ]
INFO: [ view_filter ] --START--
INFO: Run Behavior\WriteHtmlCacheBehavior [ RunTime:0.000010s ]
INFO: [ view_filter ] --END-- [ RunTime:-1.086850s ]
SQL: select * from information_schema.columns where table_schema='mohu' and table_name='nww_article' [ RunTime:0.0025s ]
INFO: [ view_parse ] --START--
INFO: [ template_filter ] --START--
INFO: Run Behavior\ContentReplaceBehavior [ RunTime:0.000026s ]
INFO: [ template_filter ] --END-- [ RunTime:-1.093271s ]
INFO: Run Behavior\ParseTemplateBehavior [ RunTime:0.003189s ]
INFO: [ view_parse ] --END-- [ RunTime:-1.090192s ]
INFO: [ view_filter ] --START--
INFO: Run Behavior\WriteHtmlCacheBehavior [ RunTime:0.000010s ]
INFO: [ view_filter ] --END-- [ RunTime:-1.092927s ]
INFO: [ view_parse ] --START--
INFO: [ template_filter ] --START--
INFO: Run Behavior\ContentReplaceBehavior [ RunTime:0.000026s ]
INFO: [ template_filter ] --END-- [ RunTime:-1.095642s ]
INFO: Run Behavior\ParseTemplateBehavior [ RunTime:0.001763s ]
INFO: [ view_parse ] --END-- [ RunTime:-1.093610s ]
INFO: [ view_filter ] --START--
INFO: Run Behavior\WriteHtmlCacheBehavior [ RunTime:0.000010s ]
INFO: [ view_filter ] --END-- [ RunTime:-1.094912s ]
NOTIC: [2048] Non-static method TPH\Controller\FileUtil::createDir() should not be called statically, assuming $this from incompatible context D:\WWW\tph\Application\TPH\Controller\CRUDController.class.php 第 201 行.
NOTIC: [8] Undefined variable: operateTitle D:\WWW\tph\Application\TPH\Controller\CRUDController.class.php 第 222 行.
INFO: [ view_parse ] --START--
INFO: [ template_filter ] --START--
INFO: Run Behavior\ContentReplaceBehavior [ RunTime:0.000024s ]
INFO: [ template_filter ] --END-- [ RunTime:-1.105134s ]
INFO: Run Behavior\ParseTemplateBehavior [ RunTime:0.001830s ]
INFO: [ view_parse ] --END-- [ RunTime:-1.103317s ]
INFO: [ view_filter ] --START--
INFO: Run Behavior\WriteHtmlCacheBehavior [ RunTime:0.000011s ]
INFO: [ view_filter ] --END-- [ RunTime:-1.104687s ]
NOTIC: [8] Undefined variable: operateTitle D:\WWW\tph\Application\TPH\Controller\CRUDController.class.php 第 222 行.
INFO: [ view_parse ] --START--
INFO: [ template_filter ] --START--
INFO: Run Behavior\ContentReplaceBehavior [ RunTime:0.000024s ]
INFO: [ template_filter ] --END-- [ RunTime:-1.107230s ]
INFO: Run Behavior\ParseTemplateBehavior [ RunTime:0.001525s ]
INFO: [ view_parse ] --END-- [ RunTime:-1.105404s ]
INFO: [ view_filter ] --START--
INFO: Run Behavior\WriteHtmlCacheBehavior [ RunTime:0.000010s ]
INFO: [ view_filter ] --END-- [ RunTime:-1.106468s ]
NOTIC: [8] Undefined variable: operateTitle D:\WWW\tph\Application\TPH\Controller\CRUDController.class.php 第 222 行.
INFO: [ view_parse ] --START--
INFO: [ template_filter ] --START--
INFO: Run Behavior\ContentReplaceBehavior [ RunTime:0.000025s ]
INFO: [ template_filter ] --END-- [ RunTime:-1.109002s ]
INFO: Run Behavior\ParseTemplateBehavior [ RunTime:0.001567s ]
INFO: [ view_parse ] --END-- [ RunTime:-1.107184s ]
INFO: [ view_filter ] --START--
INFO: Run Behavior\WriteHtmlCacheBehavior [ RunTime:0.000011s ]
INFO: [ view_filter ] --END-- [ RunTime:-1.108289s ]
NOTIC: [8] Undefined variable: operateTitle D:\WWW\tph\Application\TPH\Controller\CRUDController.class.php 第 222 行.
INFO: [ view_parse ] --START--
INFO: [ template_filter ] --START--
INFO: Run Behavior\ContentReplaceBehavior [ RunTime:0.000023s ]
INFO: [ template_filter ] --END-- [ RunTime:-1.110808s ]
INFO: Run Behavior\ParseTemplateBehavior [ RunTime:0.001507s ]
INFO: [ view_parse ] --END-- [ RunTime:-1.109013s ]
INFO: [ view_filter ] --START--
INFO: Run Behavior\WriteHtmlCacheBehavior [ RunTime:0.000011s ]
INFO: [ view_filter ] --END-- [ RunTime:-1.110075s ]
SQL: select * from information_schema.columns where table_schema='mohu' and table_name='nww_page' [ RunTime:0.0026s ]
INFO: [ view_parse ] --START--
INFO: [ template_filter ] --START--
INFO: Run Behavior\ContentReplaceBehavior [ RunTime:0.000030s ]
INFO: [ template_filter ] --END-- [ RunTime:-1.116664s ]
INFO: Run Behavior\ParseTemplateBehavior [ RunTime:0.003056s ]
INFO: [ view_parse ] --END-- [ RunTime:-1.113570s ]
INFO: [ view_filter ] --START--
INFO: Run Behavior\WriteHtmlCacheBehavior [ RunTime:0.000012s ]
INFO: [ view_filter ] --END-- [ RunTime:-1.116168s ]
INFO: [ view_parse ] --START--
INFO: [ template_filter ] --START--
INFO: Run Behavior\ContentReplaceBehavior [ RunTime:0.000025s ]
INFO: [ template_filter ] --END-- [ RunTime:-1.118902s ]
INFO: Run Behavior\ParseTemplateBehavior [ RunTime:0.001758s ]
INFO: [ view_parse ] --END-- [ RunTime:-1.116850s ]
INFO: [ view_filter ] --START--
INFO: Run Behavior\WriteHtmlCacheBehavior [ RunTime:0.000010s ]
INFO: [ view_filter ] --END-- [ RunTime:-1.118147s ]
SQL: select * from information_schema.columns where table_schema='mohu' and table_name='nww_page' [ RunTime:0.0027s ]
INFO: [ view_parse ] --START--
INFO: [ template_filter ] --START--
INFO: Run Behavior\ContentReplaceBehavior [ RunTime:0.000026s ]
INFO: [ template_filter ] --END-- [ RunTime:-1.124373s ]
INFO: Run Behavior\ParseTemplateBehavior [ RunTime:0.002502s ]
INFO: [ view_parse ] --END-- [ RunTime:-1.121725s ]
INFO: [ view_filter ] --START--
INFO: Run Behavior\WriteHtmlCacheBehavior [ RunTime:0.000010s ]
INFO: [ view_filter ] --END-- [ RunTime:-1.123767s ]
INFO: [ view_parse ] --START--
INFO: [ template_filter ] --START--
INFO: Run Behavior\ContentReplaceBehavior [ RunTime:0.000024s ]
INFO: [ template_filter ] --END-- [ RunTime:-1.126454s ]
INFO: Run Behavior\ParseTemplateBehavior [ RunTime:0.001671s ]
INFO: [ view_parse ] --END-- [ RunTime:-1.124446s ]
INFO: [ view_filter ] --START--
INFO: Run Behavior\WriteHtmlCacheBehavior [ RunTime:0.000011s ]
INFO: [ view_filter ] --END-- [ RunTime:-1.125655s ]
SQL: select * from information_schema.columns where table_schema='mohu' and table_name='nww_page' [ RunTime:0.0025s ]
INFO: [ view_parse ] --START--
INFO: [ template_filter ] --START--
INFO: Run Behavior\ContentReplaceBehavior [ RunTime:0.000027s ]
INFO: [ template_filter ] --END-- [ RunTime:-1.131803s ]
INFO: Run Behavior\ParseTemplateBehavior [ RunTime:0.002773s ]
INFO: [ view_parse ] --END-- [ RunTime:-1.128961s ]
INFO: [ view_filter ] --START--
INFO: Run Behavior\WriteHtmlCacheBehavior [ RunTime:0.000011s ]
INFO: [ view_filter ] --END-- [ RunTime:-1.131272s ]
INFO: [ view_parse ] --START--
INFO: [ template_filter ] --START--
INFO: Run Behavior\ContentReplaceBehavior [ RunTime:0.000023s ]
INFO: [ template_filter ] --END-- [ RunTime:-1.133967s ]
INFO: Run Behavior\ParseTemplateBehavior [ RunTime:0.001672s ]
INFO: [ view_parse ] --END-- [ RunTime:-1.131954s ]
INFO: [ view_filter ] --START--
INFO: Run Behavior\WriteHtmlCacheBehavior [ RunTime:0.000010s ]
INFO: [ view_filter ] --END-- [ RunTime:-1.133163s ]
NOTIC: [2048] Non-static method TPH\Controller\FileUtil::createDir() should not be called statically, assuming $this from incompatible context D:\WWW\tph\Application\TPH\Controller\CRUDController.class.php 第 201 行.
INFO: [ app_end ] --START--
INFO: Run Behavior\ShowPageTraceBehavior [ RunTime:0.000794s ]
INFO: [ app_end ] --END-- [ RunTime:0.000835s ]

[ 2016-11-10T18:27:17+08:00 ] 127.0.0.1 /index.php/TPH/FCode
INFO: [ app_init ] --START--
INFO: Run Behavior\BuildLiteBehavior [ RunTime:0.000015s ]
INFO: [ app_init ] --END-- [ RunTime:0.000357s ]
NOTIC: [8] Use of undefined constant SQLITE_COLUMN_NAME_KEY - assumed 'SQLITE_COLUMN_NAME_KEY' D:\WWW\tph\Application\TPH\Common\function.php 第 4 行.
NOTIC: [8] Use of undefined constant MYSQL_COLUMN_NAME_KEY - assumed 'MYSQL_COLUMN_NAME_KEY' D:\WWW\tph\Application\TPH\Common\function.php 第 5 行.
INFO: [ app_begin ] --START--
INFO: Run Behavior\ReadHtmlCacheBehavior [ RunTime:0.000779s ]
INFO: [ app_begin ] --END-- [ RunTime:0.000827s ]
SQL: select table_name from information_schema.tables where table_schema='mohu' and table_type='base table' [ RunTime:0.0005s ]
INFO: [ view_parse ] --START--
INFO: [ template_filter ] --START--
INFO: Run Behavior\ContentReplaceBehavior [ RunTime:0.000156s ]
INFO: [ template_filter ] --END-- [ RunTime:0.000208s ]
INFO: Run Behavior\ParseTemplateBehavior [ RunTime:0.012034s ]
INFO: [ view_parse ] --END-- [ RunTime:0.012084s ]
INFO: [ view_filter ] --START--
INFO: Run Behavior\WriteHtmlCacheBehavior [ RunTime:0.000506s ]
INFO: [ view_filter ] --END-- [ RunTime:0.000549s ]
INFO: [ app_end ] --START--
INFO: Run Behavior\ShowPageTraceBehavior [ RunTime:0.000768s ]
INFO: [ app_end ] --END-- [ RunTime:0.000815s ]

[ 2016-11-10T18:27:18+08:00 ] 127.0.0.1 /index.php/TPH/FCode/loadField
INFO: [ app_init ] --START--
INFO: Run Behavior\BuildLiteBehavior [ RunTime:0.000034s ]
INFO: [ app_init ] --END-- [ RunTime:0.000643s ]
NOTIC: [8] Use of undefined constant SQLITE_COLUMN_NAME_KEY - assumed 'SQLITE_COLUMN_NAME_KEY' D:\WWW\tph\Application\TPH\Common\function.php 第 4 行.
NOTIC: [8] Use of undefined constant MYSQL_COLUMN_NAME_KEY - assumed 'MYSQL_COLUMN_NAME_KEY' D:\WWW\tph\Application\TPH\Common\function.php 第 5 行.
INFO: [ app_begin ] --START--
INFO: Run Behavior\ReadHtmlCacheBehavior [ RunTime:0.001368s ]
INFO: [ app_begin ] --END-- [ RunTime:0.001748s ]
SQL: select * from information_schema.columns where table_schema='mohu' and table_name='nww_nww_admin' [ RunTime:0.0041s ]
INFO: [ app_end ] --START--
INFO: Run Behavior\ShowPageTraceBehavior [ RunTime:0.001185s ]
INFO: [ app_end ] --END-- [ RunTime:0.001254s ]

[ 2016-11-10T18:27:22+08:00 ] 127.0.0.1 /index.php/TPH/Index/checkVersion
INFO: [ app_init ] --START--
INFO: Run Behavior\BuildLiteBehavior [ RunTime:0.000024s ]
INFO: [ app_init ] --END-- [ RunTime:0.000613s ]
NOTIC: [8] Use of undefined constant SQLITE_COLUMN_NAME_KEY - assumed 'SQLITE_COLUMN_NAME_KEY' D:\WWW\tph\Application\TPH\Common\function.php 第 4 行.
NOTIC: [8] Use of undefined constant MYSQL_COLUMN_NAME_KEY - assumed 'MYSQL_COLUMN_NAME_KEY' D:\WWW\tph\Application\TPH\Common\function.php 第 5 行.
INFO: [ app_begin ] --START--
INFO: Run Behavior\ReadHtmlCacheBehavior [ RunTime:0.001156s ]
INFO: [ app_begin ] --END-- [ RunTime:0.001234s ]
INFO: [ app_end ] --START--
INFO: Run Behavior\ShowPageTraceBehavior [ RunTime:0.000798s ]
INFO: [ app_end ] --END-- [ RunTime:0.000856s ]

[ 2016-11-10T19:09:17+08:00 ] 127.0.0.1 /index.php/TPH/FCode
INFO: [ app_init ] --START--
INFO: Run Behavior\BuildLiteBehavior [ RunTime:0.000025s ]
INFO: [ app_init ] --END-- [ RunTime:0.001184s ]
NOTIC: [8] Use of undefined constant SQLITE_COLUMN_NAME_KEY - assumed 'SQLITE_COLUMN_NAME_KEY' D:\WWW\tph\Application\TPH\Common\function.php 第 4 行.
NOTIC: [8] Use of undefined constant MYSQL_COLUMN_NAME_KEY - assumed 'MYSQL_COLUMN_NAME_KEY' D:\WWW\tph\Application\TPH\Common\function.php 第 5 行.
INFO: [ app_begin ] --START--
INFO: Run Behavior\ReadHtmlCacheBehavior [ RunTime:0.001515s ]
INFO: [ app_begin ] --END-- [ RunTime:0.001583s ]
SQL: select table_name from information_schema.tables where table_schema='mohu' and table_type='base table' [ RunTime:0.0037s ]
INFO: [ view_parse ] --START--
INFO: [ template_filter ] --START--
INFO: Run Behavior\ContentReplaceBehavior [ RunTime:0.000811s ]
INFO: [ template_filter ] --END-- [ RunTime:0.000901s ]
INFO: Run Behavior\ParseTemplateBehavior [ RunTime:0.032225s ]
INFO: [ view_parse ] --END-- [ RunTime:0.032309s ]
INFO: [ view_filter ] --START--
INFO: Run Behavior\WriteHtmlCacheBehavior [ RunTime:0.000851s ]
INFO: [ view_filter ] --END-- [ RunTime:0.000907s ]
INFO: [ app_end ] --START--
INFO: Run Behavior\ShowPageTraceBehavior [ RunTime:0.000986s ]
INFO: [ app_end ] --END-- [ RunTime:0.001037s ]

[ 2016-11-10T19:09:18+08:00 ] 127.0.0.1 /index.php/TPH/Index/checkVersion
INFO: [ app_init ] --START--
INFO: Run Behavior\BuildLiteBehavior [ RunTime:0.000022s ]
INFO: [ app_init ] --END-- [ RunTime:0.000536s ]
NOTIC: [8] Use of undefined constant SQLITE_COLUMN_NAME_KEY - assumed 'SQLITE_COLUMN_NAME_KEY' D:\WWW\tph\Application\TPH\Common\function.php 第 4 行.
NOTIC: [8] Use of undefined constant MYSQL_COLUMN_NAME_KEY - assumed 'MYSQL_COLUMN_NAME_KEY' D:\WWW\tph\Application\TPH\Common\function.php 第 5 行.
INFO: [ app_begin ] --START--
INFO: Run Behavior\ReadHtmlCacheBehavior [ RunTime:0.001027s ]
INFO: [ app_begin ] --END-- [ RunTime:0.001165s ]
INFO: [ app_end ] --START--
INFO: Run Behavior\ShowPageTraceBehavior [ RunTime:0.001126s ]
INFO: [ app_end ] --END-- [ RunTime:0.001219s ]

[ 2016-11-10T19:09:19+08:00 ] 127.0.0.1 /index.php/TPH/FCode/loadField
INFO: [ app_init ] --START--
INFO: Run Behavior\BuildLiteBehavior [ RunTime:0.000024s ]
INFO: [ app_init ] --END-- [ RunTime:0.000539s ]
NOTIC: [8] Use of undefined constant SQLITE_COLUMN_NAME_KEY - assumed 'SQLITE_COLUMN_NAME_KEY' D:\WWW\tph\Application\TPH\Common\function.php 第 4 行.
NOTIC: [8] Use of undefined constant MYSQL_COLUMN_NAME_KEY - assumed 'MYSQL_COLUMN_NAME_KEY' D:\WWW\tph\Application\TPH\Common\function.php 第 5 行.
INFO: [ app_begin ] --START--
INFO: Run Behavior\ReadHtmlCacheBehavior [ RunTime:0.001889s ]
INFO: [ app_begin ] --END-- [ RunTime:0.001992s ]
SQL: select * from information_schema.columns where table_schema='mohu' and table_name='nww_nww_admin' [ RunTime:0.0025s ]
INFO: [ app_end ] --START--
INFO: Run Behavior\ShowPageTraceBehavior [ RunTime:0.000645s ]
INFO: [ app_end ] --END-- [ RunTime:0.000684s ]

[ 2016-11-10T19:09:19+08:00 ] 127.0.0.1 /index.php/TPH/href=
INFO: [ app_init ] --START--
INFO: Run Behavior\BuildLiteBehavior [ RunTime:0.000027s ]
INFO: [ app_init ] --END-- [ RunTime:0.000479s ]
NOTIC: [8] Use of undefined constant SQLITE_COLUMN_NAME_KEY - assumed 'SQLITE_COLUMN_NAME_KEY' D:\WWW\tph\Application\TPH\Common\function.php 第 4 行.
NOTIC: [8] Use of undefined constant MYSQL_COLUMN_NAME_KEY - assumed 'MYSQL_COLUMN_NAME_KEY' D:\WWW\tph\Application\TPH\Common\function.php 第 5 行.
INFO: [ app_begin ] --START--
INFO: Run Behavior\ReadHtmlCacheBehavior [ RunTime:0.000582s ]
INFO: [ app_begin ] --END-- [ RunTime:0.000628s ]
ERR: 无法加载控制器:Href=

