[ 2018-04-22T16:21:06+08:00 ] 127.0.0.1 /mohu/index.php/admin
INFO: [ app_init ] --START--
INFO: Run Behavior\BuildLiteBehavior [ RunTime:0.000042s ]
INFO: [ app_init ] --END-- [ RunTime:0.001011s ]
INFO: [ app_begin ] --START--
INFO: Run Behavior\ReadHtmlCacheBehavior [ RunTime:0.002149s ]
INFO: [ app_begin ] --END-- [ RunTime:0.002307s ]
INFO: [ view_parse ] --START--
INFO: [ template_filter ] --START--
INFO: Run Behavior\ContentReplaceBehavior [ RunTime:0.000366s ]
INFO: [ template_filter ] --END-- [ RunTime:0.000533s ]
INFO: Run Behavior\ParseTemplateBehavior [ RunTime:0.047278s ]
INFO: [ view_parse ] --END-- [ RunTime:0.047495s ]
INFO: [ view_filter ] --START--
INFO: Run Behavior\WriteHtmlCacheBehavior [ RunTime:0.001514s ]
INFO: [ view_filter ] --END-- [ RunTime:0.001647s ]
INFO: [ app_end ] --START--
INFO: Run Behavior\ShowPageTraceBehavior [ RunTime:0.002051s ]
INFO: [ app_end ] --END-- [ RunTime:0.002254s ]

[ 2018-04-22T16:21:11+08:00 ] 127.0.0.1 /mohu/index.php/Admin/Article/listByCid/cid/2
INFO: [ app_init ] --START--
INFO: Run Behavior\BuildLiteBehavior [ RunTime:0.000043s ]
INFO: [ app_init ] --END-- [ RunTime:0.001010s ]
INFO: [ app_begin ] --START--
INFO: Run Behavior\ReadHtmlCacheBehavior [ RunTime:0.002472s ]
INFO: [ app_begin ] --END-- [ RunTime:0.002666s ]
SQL: SHOW COLUMNS FROM `nww_article` [ RunTime:0.0063s ]
SQL: SELECT COUNT(*) AS tp_count FROM `nww_article` WHERE `class_id` = 2 LIMIT 1   [ RunTime:0.0006s ]
SQL: SELECT * FROM `nww_article` WHERE `class_id` = 2 LIMIT 0,15   [ RunTime:0.0007s ]
INFO: [ view_parse ] --START--
INFO: [ template_filter ] --START--
INFO: Run Behavior\ContentReplaceBehavior [ RunTime:0.000227s ]
INFO: [ template_filter ] --END-- [ RunTime:0.000374s ]
NOTIC: [8] Use of undefined constant id - assumed 'id' F:\phpStudy\PHPTutorial\WWW\mohu\Application\Runtime\Cache\Admin\10efc43044c0195752d153a8a5224867.php 第 180 行.
NOTIC: [8] Use of undefined constant class_id - assumed 'class_id' F:\phpStudy\PHPTutorial\WWW\mohu\Application\Runtime\Cache\Admin\10efc43044c0195752d153a8a5224867.php 第 180 行.
NOTIC: [8] Use of undefined constant id - assumed 'id' F:\phpStudy\PHPTutorial\WWW\mohu\Application\Runtime\Cache\Admin\10efc43044c0195752d153a8a5224867.php 第 181 行.
INFO: Run Behavior\ParseTemplateBehavior [ RunTime:0.045819s ]
INFO: [ view_parse ] --END-- [ RunTime:0.046057s ]
INFO: [ view_filter ] --START--
INFO: Run Behavior\WriteHtmlCacheBehavior [ RunTime:0.001337s ]
INFO: [ view_filter ] --END-- [ RunTime:0.001465s ]
INFO: [ app_end ] --START--
INFO: Run Behavior\ShowPageTraceBehavior [ RunTime:0.002867s ]
INFO: [ app_end ] --END-- [ RunTime:0.003264s ]

[ 2018-04-22T16:21:13+08:00 ] 127.0.0.1 /mohu/index.php/Admin/Article/listByCid/cid/href=
INFO: [ app_init ] --START--
INFO: Run Behavior\BuildLiteBehavior [ RunTime:0.000044s ]
INFO: [ app_init ] --END-- [ RunTime:0.001054s ]
INFO: [ app_begin ] --START--
INFO: Run Behavior\ReadHtmlCacheBehavior [ RunTime:0.001993s ]
INFO: [ app_begin ] --END-- [ RunTime:0.002167s ]
SQL: SHOW COLUMNS FROM `nww_article` [ RunTime:0.0061s ]
SQL: SELECT COUNT(*) AS tp_count FROM `nww_article` WHERE `class_id` = 0 LIMIT 1   [ RunTime:0.0005s ]
SQL: SELECT * FROM `nww_article` WHERE `class_id` = 0 LIMIT 0,15   [ RunTime:0.0006s ]
INFO: [ view_parse ] --START--
INFO: [ template_filter ] --START--
INFO: Run Behavior\ContentReplaceBehavior [ RunTime:0.000217s ]
INFO: [ template_filter ] --END-- [ RunTime:0.000345s ]
INFO: Run Behavior\ParseTemplateBehavior [ RunTime:0.026161s ]
INFO: [ view_parse ] --END-- [ RunTime:0.026336s ]
INFO: [ view_filter ] --START--
INFO: Run Behavior\WriteHtmlCacheBehavior [ RunTime:0.001296s ]
INFO: [ view_filter ] --END-- [ RunTime:0.001425s ]
INFO: [ app_end ] --START--
INFO: Run Behavior\ShowPageTraceBehavior [ RunTime:0.002162s ]
INFO: [ app_end ] --END-- [ RunTime:0.002330s ]

[ 2018-04-22T16:21:17+08:00 ] 127.0.0.1 /mohu/index.php/Admin/Article/listByCid/cid/href=
INFO: [ app_init ] --START--
INFO: Run Behavior\BuildLiteBehavior [ RunTime:0.000048s ]
INFO: [ app_init ] --END-- [ RunTime:0.001509s ]
INFO: [ app_begin ] --START--
INFO: Run Behavior\ReadHtmlCacheBehavior [ RunTime:0.002267s ]
INFO: [ app_begin ] --END-- [ RunTime:0.002733s ]
SQL: SHOW COLUMNS FROM `nww_article` [ RunTime:0.0074s ]
SQL: SELECT COUNT(*) AS tp_count FROM `nww_article` WHERE `class_id` = 0 LIMIT 1   [ RunTime:0.0006s ]
SQL: SELECT * FROM `nww_article` WHERE `class_id` = 0 LIMIT 0,15   [ RunTime:0.0006s ]
INFO: [ view_parse ] --START--
INFO: [ template_filter ] --START--
INFO: Run Behavior\ContentReplaceBehavior [ RunTime:0.000231s ]
INFO: [ template_filter ] --END-- [ RunTime:0.000381s ]
INFO: Run Behavior\ParseTemplateBehavior [ RunTime:0.028424s ]
INFO: [ view_parse ] --END-- [ RunTime:0.028690s ]
INFO: [ view_filter ] --START--
INFO: Run Behavior\WriteHtmlCacheBehavior [ RunTime:0.001597s ]
INFO: [ view_filter ] --END-- [ RunTime:0.001735s ]
INFO: [ app_end ] --START--
INFO: Run Behavior\ShowPageTraceBehavior [ RunTime:0.002358s ]
INFO: [ app_end ] --END-- [ RunTime:0.002529s ]

[ 2018-04-22T16:22:12+08:00 ] 127.0.0.1 /mohu/index.php/Admin/Article/listByCid/cid/href=
INFO: [ app_init ] --START--
INFO: Run Behavior\BuildLiteBehavior [ RunTime:0.000045s ]
INFO: [ app_init ] --END-- [ RunTime:0.001300s ]
INFO: [ app_begin ] --START--
INFO: Run Behavior\ReadHtmlCacheBehavior [ RunTime:0.001894s ]
INFO: [ app_begin ] --END-- [ RunTime:0.002049s ]
SQL: SHOW COLUMNS FROM `nww_article` [ RunTime:0.0071s ]
SQL: SELECT COUNT(*) AS tp_count FROM `nww_article` WHERE `class_id` = 0 LIMIT 1   [ RunTime:0.0005s ]
SQL: SELECT * FROM `nww_article` WHERE `class_id` = 0 LIMIT 0,15   [ RunTime:0.0006s ]
INFO: [ view_parse ] --START--
INFO: [ template_filter ] --START--
INFO: Run Behavior\ContentReplaceBehavior [ RunTime:0.000222s ]
INFO: [ template_filter ] --END-- [ RunTime:0.000371s ]
INFO: Run Behavior\ParseTemplateBehavior [ RunTime:0.026884s ]
INFO: [ view_parse ] --END-- [ RunTime:0.027056s ]
INFO: [ view_filter ] --START--
INFO: Run Behavior\WriteHtmlCacheBehavior [ RunTime:0.001281s ]
INFO: [ view_filter ] --END-- [ RunTime:0.001406s ]
INFO: [ app_end ] --START--
INFO: Run Behavior\ShowPageTraceBehavior [ RunTime:0.002452s ]
INFO: [ app_end ] --END-- [ RunTime:0.002611s ]

[ 2018-04-22T16:22:16+08:00 ] 127.0.0.1 /mohu/index.php/Admin/Article/listByCid/cid/6
INFO: [ app_init ] --START--
INFO: Run Behavior\BuildLiteBehavior [ RunTime:0.000041s ]
INFO: [ app_init ] --END-- [ RunTime:0.000969s ]
INFO: [ app_begin ] --START--
INFO: Run Behavior\ReadHtmlCacheBehavior [ RunTime:0.002188s ]
INFO: [ app_begin ] --END-- [ RunTime:0.002372s ]
SQL: SHOW COLUMNS FROM `nww_article` [ RunTime:0.0124s ]
SQL: SELECT COUNT(*) AS tp_count FROM `nww_article` WHERE `class_id` = 6 LIMIT 1   [ RunTime:0.0012s ]
SQL: SELECT * FROM `nww_article` WHERE `class_id` = 6 LIMIT 0,15   [ RunTime:0.0012s ]
INFO: [ view_parse ] --START--
INFO: [ template_filter ] --START--
INFO: Run Behavior\ContentReplaceBehavior [ RunTime:0.000359s ]
INFO: [ template_filter ] --END-- [ RunTime:0.000545s ]
NOTIC: [8] Use of undefined constant id - assumed 'id' F:\phpStudy\PHPTutorial\WWW\mohu\Application\Runtime\Cache\Admin\10efc43044c0195752d153a8a5224867.php 第 180 行.
NOTIC: [8] Use of undefined constant class_id - assumed 'class_id' F:\phpStudy\PHPTutorial\WWW\mohu\Application\Runtime\Cache\Admin\10efc43044c0195752d153a8a5224867.php 第 180 行.
NOTIC: [8] Use of undefined constant id - assumed 'id' F:\phpStudy\PHPTutorial\WWW\mohu\Application\Runtime\Cache\Admin\10efc43044c0195752d153a8a5224867.php 第 181 行.
NOTIC: [8] Use of undefined constant id - assumed 'id' F:\phpStudy\PHPTutorial\WWW\mohu\Application\Runtime\Cache\Admin\10efc43044c0195752d153a8a5224867.php 第 180 行.
NOTIC: [8] Use of undefined constant class_id - assumed 'class_id' F:\phpStudy\PHPTutorial\WWW\mohu\Application\Runtime\Cache\Admin\10efc43044c0195752d153a8a5224867.php 第 180 行.
NOTIC: [8] Use of undefined constant id - assumed 'id' F:\phpStudy\PHPTutorial\WWW\mohu\Application\Runtime\Cache\Admin\10efc43044c0195752d153a8a5224867.php 第 181 行.
NOTIC: [8] Use of undefined constant id - assumed 'id' F:\phpStudy\PHPTutorial\WWW\mohu\Application\Runtime\Cache\Admin\10efc43044c0195752d153a8a5224867.php 第 180 行.
NOTIC: [8] Use of undefined constant class_id - assumed 'class_id' F:\phpStudy\PHPTutorial\WWW\mohu\Application\Runtime\Cache\Admin\10efc43044c0195752d153a8a5224867.php 第 180 行.
NOTIC: [8] Use of undefined constant id - assumed 'id' F:\phpStudy\PHPTutorial\WWW\mohu\Application\Runtime\Cache\Admin\10efc43044c0195752d153a8a5224867.php 第 181 行.
NOTIC: [8] Use of undefined constant id - assumed 'id' F:\phpStudy\PHPTutorial\WWW\mohu\Application\Runtime\Cache\Admin\10efc43044c0195752d153a8a5224867.php 第 180 行.
NOTIC: [8] Use of undefined constant class_id - assumed 'class_id' F:\phpStudy\PHPTutorial\WWW\mohu\Application\Runtime\Cache\Admin\10efc43044c0195752d153a8a5224867.php 第 180 行.
NOTIC: [8] Use of undefined constant id - assumed 'id' F:\phpStudy\PHPTutorial\WWW\mohu\Application\Runtime\Cache\Admin\10efc43044c0195752d153a8a5224867.php 第 181 行.
INFO: Run Behavior\ParseTemplateBehavior [ RunTime:0.044566s ]
INFO: [ view_parse ] --END-- [ RunTime:0.044828s ]
INFO: [ view_filter ] --START--
INFO: Run Behavior\WriteHtmlCacheBehavior [ RunTime:0.001508s ]
INFO: [ view_filter ] --END-- [ RunTime:0.001654s ]
INFO: [ app_end ] --START--
INFO: Run Behavior\ShowPageTraceBehavior [ RunTime:0.003100s ]
INFO: [ app_end ] --END-- [ RunTime:0.003359s ]

[ 2018-04-22T16:22:17+08:00 ] 127.0.0.1 /mohu/index.php/Admin/Article/listByCid/cid/href=
INFO: [ app_init ] --START--
INFO: Run Behavior\BuildLiteBehavior [ RunTime:0.000042s ]
INFO: [ app_init ] --END-- [ RunTime:0.000973s ]
INFO: [ app_begin ] --START--
INFO: Run Behavior\ReadHtmlCacheBehavior [ RunTime:0.001870s ]
INFO: [ app_begin ] --END-- [ RunTime:0.002023s ]
SQL: SHOW COLUMNS FROM `nww_article` [ RunTime:0.0128s ]
SQL: SELECT COUNT(*) AS tp_count FROM `nww_article` WHERE `class_id` = 0 LIMIT 1   [ RunTime:0.0008s ]
SQL: SELECT * FROM `nww_article` WHERE `class_id` = 0 LIMIT 0,15   [ RunTime:0.0010s ]
INFO: [ view_parse ] --START--
INFO: [ template_filter ] --START--
INFO: Run Behavior\ContentReplaceBehavior [ RunTime:0.000269s ]
INFO: [ template_filter ] --END-- [ RunTime:0.000439s ]
INFO: Run Behavior\ParseTemplateBehavior [ RunTime:0.036601s ]
INFO: [ view_parse ] --END-- [ RunTime:0.036890s ]
INFO: [ view_filter ] --START--
INFO: Run Behavior\WriteHtmlCacheBehavior [ RunTime:0.001576s ]
INFO: [ view_filter ] --END-- [ RunTime:0.001721s ]
INFO: [ app_end ] --START--
INFO: Run Behavior\ShowPageTraceBehavior [ RunTime:0.002396s ]
INFO: [ app_end ] --END-- [ RunTime:0.002634s ]

[ 2018-04-22T16:22:40+08:00 ] 127.0.0.1 /mohu/index.php/Admin/Article/listByCid/cid/href=
INFO: [ app_init ] --START--
INFO: Run Behavior\BuildLiteBehavior [ RunTime:0.000044s ]
INFO: [ app_init ] --END-- [ RunTime:0.001086s ]
INFO: [ app_begin ] --START--
INFO: Run Behavior\ReadHtmlCacheBehavior [ RunTime:0.001878s ]
INFO: [ app_begin ] --END-- [ RunTime:0.002028s ]
SQL: SHOW COLUMNS FROM `nww_article` [ RunTime:0.0178s ]
SQL: SELECT COUNT(*) AS tp_count FROM `nww_article` WHERE `class_id` = 0 LIMIT 1   [ RunTime:0.0012s ]
SQL: SELECT * FROM `nww_article` WHERE `class_id` = 0 LIMIT 0,15   [ RunTime:0.0014s ]
INFO: [ view_parse ] --START--
INFO: [ template_filter ] --START--
INFO: Run Behavior\ContentReplaceBehavior [ RunTime:0.000215s ]
INFO: [ template_filter ] --END-- [ RunTime:0.000350s ]
INFO: Run Behavior\ParseTemplateBehavior [ RunTime:0.046530s ]
INFO: [ view_parse ] --END-- [ RunTime:0.046938s ]
INFO: [ view_filter ] --START--
INFO: Run Behavior\WriteHtmlCacheBehavior [ RunTime:0.002569s ]
INFO: [ view_filter ] --END-- [ RunTime:0.002704s ]
INFO: [ app_end ] --START--
INFO: Run Behavior\ShowPageTraceBehavior [ RunTime:0.004047s ]
INFO: [ app_end ] --END-- [ RunTime:0.004225s ]

